This is pdfTeX, Version 3.14159265-2.6-1.40.21 (TeX Live 2020) (preloaded format=latex 2021.2.15)  23 SEP 2021 00:29
entering extended mode
 restricted \write18 enabled.
 %&-line parsing enabled.
**/Users/moriguchiyuusei/Documents/workspace/latexfile/AMC002/AMC002.tex
(/Users/moriguchiyuusei/Documents/workspace/latexfile/AMC002/AMC002.tex
LaTeX2e <2020-02-02> patch level 5
L3 programming layer <2020-03-06> (/usr/local/texlive/2020/texmf-dist/tex/platex/jsclasses/jsarticle.cls

! LaTeX Error: This file needs format `pLaTeX2e'
               but this is `LaTeX2e'.

See the LaTeX manual or LaTeX Companion for explanation.
Type  H <return>  for immediate help.
 ...                                              
                                                  
l.26 \NeedsTeXFormat{pLaTeX2e}
                              
The current input file will not be processed further,
because it was written for some other flavor of TeX.
You're in trouble here.  Try typing  <return>  to proceed.
If that doesn't work, type  X <return>  to quit.

) (/usr/local/texlive/2020/texmf-dist/tex/latex/graphics/graphicx.sty
Package: graphicx 2019/11/30 v1.2a Enhanced LaTeX Graphics (DPC,SPQR)
(/usr/local/texlive/2020/texmf-dist/tex/latex/graphics/keyval.sty
Package: keyval 2014/10/28 v1.15 key=value parser (DPC)
\KV@toks@=\toks15
) (/usr/local/texlive/2020/texmf-dist/tex/latex/graphics/graphics.sty
Package: graphics 2019/11/30 v1.4a Standard LaTeX Graphics (DPC,SPQR)
(/usr/local/texlive/2020/texmf-dist/tex/latex/graphics/trig.sty
Package: trig 2016/01/03 v1.10 sin cos tan (DPC)
) (/usr/local/texlive/2020/texmf-dist/tex/latex/graphics-cfg/graphics.cfg
File: graphics.cfg 2016/06/04 v1.11 sample graphics configuration
)
Package graphics Info: Driver file: dvipdfmx.def on input line 105.
(/usr/local/texlive/2020/texmf-dist/tex/latex/graphics-def/dvipdfmx.def
File: dvipdfmx.def 2017/06/24 v5.0g Graphics/color driver for dvipdfmx
))
\Gin@req@height=\dimen134
\Gin@req@width=\dimen135
) (/usr/local/texlive/2020/texmf-dist/tex/latex/tools/multicol.sty
Package: multicol 2019/12/09 v1.8y multicolumn formatting (FMi)
\c@tracingmulticols=\count167
\mult@box=\box45
\multicol@leftmargin=\dimen136
\c@unbalance=\count168
\c@collectmore=\count169
\doublecol@number=\count170
\multicoltolerance=\count171
\multicolpretolerance=\count172
\full@width=\dimen137
\page@free=\dimen138
\premulticols=\dimen139
\postmulticols=\dimen140
\multicolsep=\skip47
\multicolbaselineskip=\skip48
\partial@page=\box46
\last@line=\box47
\maxbalancingoverflow=\dimen141
\mult@rightbox=\box48
\mult@grightbox=\box49
\mult@gfirstbox=\box50
\mult@firstbox=\box51
\@tempa=\box52
\@tempa=\box53
\@tempa=\box54
\@tempa=\box55
\@tempa=\box56
\@tempa=\box57
\@tempa=\box58
\@tempa=\box59
\@tempa=\box60
\@tempa=\box61
\@tempa=\box62
\@tempa=\box63
\@tempa=\box64
\@tempa=\box65
\@tempa=\box66
\@tempa=\box67
\@tempa=\box68
\@tempa=\box69
\@tempa=\box70
\@tempa=\box71
\@tempa=\box72
\@tempa=\box73
\@tempa=\box74
\@tempa=\box75
\@tempa=\box76
\@tempa=\box77
\@tempa=\box78
\@tempa=\box79
\@tempa=\box80
\@tempa=\box81
\@tempa=\box82
\@tempa=\box83
\@tempa=\box84
\@tempa=\box85
\@tempa=\box86
\@tempa=\box87
\@tempa=\box88
\c@minrows=\count173
\c@columnbadness=\count174
\c@finalcolumnbadness=\count175
\last@try=\dimen142
\multicolovershoot=\dimen143
\multicolundershoot=\dimen144
\mult@nat@firstbox=\box89
\colbreak@box=\box90
\mc@col@check@num=\count176
) (/usr/local/texlive/2020/texmf-dist/tex/latex/amscls/amsthm.sty
Package: amsthm 2017/10/31 v2.20.4
\thm@style=\toks16
\thm@bodyfont=\toks17
\thm@headfont=\toks18
\thm@notefont=\toks19
\thm@headpunct=\toks20
\thm@preskip=\skip49
\thm@postskip=\skip50
\thm@headsep=\skip51
\dth@everypar=\toks21
) (/usr/local/texlive/2020/texmf-dist/tex/latex/amsmath/amsmath.sty
Package: amsmath 2020/01/20 v2.17e AMS math features
\@mathmargin=\skip52
For additional information on amsmath, use the `?' option.
(/usr/local/texlive/2020/texmf-dist/tex/latex/amsmath/amstext.sty
Package: amstext 2000/06/29 v2.01 AMS text
(/usr/local/texlive/2020/texmf-dist/tex/latex/amsmath/amsgen.sty
File: amsgen.sty 1999/11/30 v2.0 generic functions
\@emptytoks=\toks22
\ex@=\dimen145
)) (/usr/local/texlive/2020/texmf-dist/tex/latex/amsmath/amsbsy.sty
Package: amsbsy 1999/11/29 v1.2d Bold Symbols
\pmbraise@=\dimen146
) (/usr/local/texlive/2020/texmf-dist/tex/latex/amsmath/amsopn.sty
Package: amsopn 2016/03/08 v2.02 operator names
)
\inf@bad=\count177
LaTeX Info: Redefining \frac on input line 227.
\uproot@=\count178
\leftroot@=\count179
LaTeX Info: Redefining \overline on input line 389.
\classnum@=\count180
\DOTSCASE@=\count181
LaTeX Info: Redefining \ldots on input line 486.
LaTeX Info: Redefining \dots on input line 489.
LaTeX Info: Redefining \cdots on input line 610.
\Mathstrutbox@=\box91
\strutbox@=\box92
\big@size=\dimen147
LaTeX Font Info:    Redeclaring font encoding OML on input line 733.
LaTeX Font Info:    Redeclaring font encoding OMS on input line 734.
\macc@depth=\count182
\c@MaxMatrixCols=\count183
\dotsspace@=\muskip16
\c@parentequation=\count184
\dspbrk@lvl=\count185
\tag@help=\toks23
\row@=\count186
\column@=\count187
\maxfields@=\count188
\andhelp@=\toks24
\eqnshift@=\dimen148
\alignsep@=\dimen149
\tagshift@=\dimen150
\tagwidth@=\dimen151
\totwidth@=\dimen152
\lineht@=\dimen153
\@envbody=\toks25
\multlinegap=\skip53
\multlinetaggap=\skip54
\mathdisplay@stack=\toks26
LaTeX Info: Redefining \[ on input line 2859.
LaTeX Info: Redefining \] on input line 2860.
) (/usr/local/texlive/2020/texmf-dist/tex/latex/fancybox/fancybox.sty
Package: fancybox 2010/05/15 1.4
Style option: `fancybox' v1.4 <2010/05/15> (tvz)
\@fancybox=\box93
\shadowsize=\dimen154
\@Sbox=\box94
\do@VerbBox=\toks27
\the@fancyput=\toks28
\this@fancyput=\toks29
\EndVerbatimTokens=\toks30
\Verbatim@Outfile=\write3
\Verbatim@Infile=\read2
) (/usr/local/texlive/2020/texmf-dist/tex/latex/ascmac/ascmac.sty
Package: ascmac 2020/01/15 v2.1 ascmac wrapper (community edition) 
(/usr/local/texlive/2020/texmf-dist/tex/latex/ascmac/tascmac.sty
Package: tascmac 2020/01/15 v2.1 ascmac package (community edition) 
Package tascmac Info: Assuming pdfLaTeX, XeLaTeX or LuaLaTeX on input line 44.
\scb@x=\box95
\scscb@x=\box96
\@bw=\dimen155
\@nbox=\box97
\@nbody=\box98
\@scw=\dimen156
\ascmac@hoboxa=\box99
\ascmac@hoboxb=\box100
\@itemh=\dimen157
\@iboxpos=\toks31
\@iboxstr=\box101
\@bwsp=\box102
\@@bwsp=\box103
\@bcal=\count189
\shaderule=\dimen158
)) (/usr/local/texlive/2020/texmf-dist/tex/latex/jknapltx/mathrsfs.sty
Package: mathrsfs 1996/01/01 Math RSFS package v1.0 (jk)
\symrsfs=\mathgroup4
) (/usr/local/texlive/2020/texmf-dist/tex/latex/amsfonts/amsfonts.sty
Package: amsfonts 2013/01/14 v3.01 Basic AMSFonts support
\symAMSa=\mathgroup5
\symAMSb=\mathgroup6
LaTeX Font Info:    Redeclaring math symbol \hbar on input line 98.
LaTeX Font Info:    Overwriting math alphabet `\mathfrak' in version `bold'
(Font)                  U/euf/m/n --> U/euf/b/n on input line 106.
) (/usr/local/texlive/2020/texmf-dist/tex/latex/amsfonts/amssymb.sty
Package: amssymb 2013/01/14 v3.01 AMS font symbols
) (/usr/local/texlive/2020/texmf-dist/tex/latex/pgf/frontendlayer/tikz.sty (/usr/local/texlive/2020/texmf-dist/tex/latex/pgf/basiclayer/pgf.sty (/usr/local/texlive/2020/texmf-dist/tex/latex/pgf/utilities/pgfrcs.sty (/usr/local/texlive/2020/texmf-dist/tex/generic/pgf/utilities/pgfutil-common.tex
\pgfutil@everybye=\toks32
\pgfutil@tempdima=\dimen159
\pgfutil@tempdimb=\dimen160
(/usr/local/texlive/2020/texmf-dist/tex/generic/pgf/utilities/pgfutil-common-lists.tex)) (/usr/local/texlive/2020/texmf-dist/tex/generic/pgf/utilities/pgfutil-latex.def
\pgfutil@abb=\box104
(/usr/local/texlive/2020/texmf-dist/tex/latex/ms/everyshi.sty
Package: everyshi 2001/05/15 v3.00 EveryShipout Package (MS)
)) (/usr/local/texlive/2020/texmf-dist/tex/generic/pgf/utilities/pgfrcs.code.tex (/usr/local/texlive/2020/texmf-dist/tex/generic/pgf/pgf.revision.tex)
Package: pgfrcs 2020/01/08 v3.1.5b (3.1.5b)
))
Package: pgf 2020/01/08 v3.1.5b (3.1.5b)
(/usr/local/texlive/2020/texmf-dist/tex/latex/pgf/basiclayer/pgfcore.sty (/usr/local/texlive/2020/texmf-dist/tex/latex/pgf/systemlayer/pgfsys.sty (/usr/local/texlive/2020/texmf-dist/tex/generic/pgf/systemlayer/pgfsys.code.tex
Package: pgfsys 2020/01/08 v3.1.5b (3.1.5b)
(/usr/local/texlive/2020/texmf-dist/tex/generic/pgf/utilities/pgfkeys.code.tex
\pgfkeys@pathtoks=\toks33
\pgfkeys@temptoks=\toks34
(/usr/local/texlive/2020/texmf-dist/tex/generic/pgf/utilities/pgfkeysfiltered.code.tex
\pgfkeys@tmptoks=\toks35
))
\pgf@x=\dimen161
\pgf@y=\dimen162
\pgf@xa=\dimen163
\pgf@ya=\dimen164
\pgf@xb=\dimen165
\pgf@yb=\dimen166
\pgf@xc=\dimen167
\pgf@yc=\dimen168
\pgf@xd=\dimen169
\pgf@yd=\dimen170
\w@pgf@writea=\write4
\r@pgf@reada=\read3
\c@pgf@counta=\count190
\c@pgf@countb=\count191
\c@pgf@countc=\count192
\c@pgf@countd=\count193
\t@pgf@toka=\toks36
\t@pgf@tokb=\toks37
\t@pgf@tokc=\toks38
\pgf@sys@id@count=\count194
(/usr/local/texlive/2020/texmf-dist/tex/generic/pgf/systemlayer/pgf.cfg
File: pgf.cfg 2020/01/08 v3.1.5b (3.1.5b)
)
Driver file for pgf: pgfsys-dvipdfmx.def
(/usr/local/texlive/2020/texmf-dist/tex/generic/pgf/systemlayer/pgfsys-dvipdfmx.def
File: pgfsys-dvipdfmx.def 2020/01/08 v3.1.5b (3.1.5b)
(/usr/local/texlive/2020/texmf-dist/tex/generic/pgf/systemlayer/pgfsys-common-pdf.def
File: pgfsys-common-pdf.def 2020/01/08 v3.1.5b (3.1.5b)
)
\pgfsys@objnum=\count195
)) (/usr/local/texlive/2020/texmf-dist/tex/generic/pgf/systemlayer/pgfsyssoftpath.code.tex
File: pgfsyssoftpath.code.tex 2020/01/08 v3.1.5b (3.1.5b)
\pgfsyssoftpath@smallbuffer@items=\count196
\pgfsyssoftpath@bigbuffer@items=\count197
) (/usr/local/texlive/2020/texmf-dist/tex/generic/pgf/systemlayer/pgfsysprotocol.code.tex
File: pgfsysprotocol.code.tex 2020/01/08 v3.1.5b (3.1.5b)
)) (/usr/local/texlive/2020/texmf-dist/tex/latex/xcolor/xcolor.sty
Package: xcolor 2016/05/11 v2.12 LaTeX color extensions (UK)
(/usr/local/texlive/2020/texmf-dist/tex/latex/graphics-cfg/color.cfg
File: color.cfg 2016/01/02 v1.6 sample color configuration
)
Package xcolor Info: Driver file: dvipdfmx.def on input line 225.
Package xcolor Info: Model `cmy' substituted by `cmy0' on input line 1348.
Package xcolor Info: Model `RGB' extended on input line 1364.
Package xcolor Info: Model `HTML' substituted by `rgb' on input line 1366.
Package xcolor Info: Model `Hsb' substituted by `hsb' on input line 1367.
Package xcolor Info: Model `tHsb' substituted by `hsb' on input line 1368.
Package xcolor Info: Model `HSB' substituted by `hsb' on input line 1369.
Package xcolor Info: Model `Gray' substituted by `gray' on input line 1370.
Package xcolor Info: Model `wave' substituted by `hsb' on input line 1371.
) (/usr/local/texlive/2020/texmf-dist/tex/generic/pgf/basiclayer/pgfcore.code.tex
Package: pgfcore 2020/01/08 v3.1.5b (3.1.5b)
(/usr/local/texlive/2020/texmf-dist/tex/generic/pgf/math/pgfmath.code.tex (/usr/local/texlive/2020/texmf-dist/tex/generic/pgf/math/pgfmathcalc.code.tex (/usr/local/texlive/2020/texmf-dist/tex/generic/pgf/math/pgfmathutil.code.tex) (/usr/local/texlive/2020/texmf-dist/tex/generic/pgf/math/pgfmathparser.code.tex
\pgfmath@dimen=\dimen171
\pgfmath@count=\count198
\pgfmath@box=\box105
\pgfmath@toks=\toks39
\pgfmath@stack@operand=\toks40
\pgfmath@stack@operation=\toks41
) (/usr/local/texlive/2020/texmf-dist/tex/generic/pgf/math/pgfmathfunctions.code.tex (/usr/local/texlive/2020/texmf-dist/tex/generic/pgf/math/pgfmathfunctions.basic.code.tex) (/usr/local/texlive/2020/texmf-dist/tex/generic/pgf/math/pgfmathfunctions.trigonometric.code.tex) (/usr/local/texlive/2020/texmf-dist/tex/generic/pgf/math/pgfmathfunctions.random.code.tex) (/usr/local/texlive/2020/texmf-dist/tex/generic/pgf/math/pgfmathfunctions.comparison.code.tex) (/usr/local/texlive/2020/texmf-dist/tex/generic/pgf/math/pgfmathfunctions.base.code.tex) (/usr/local/texlive/2020/texmf-dist/tex/generic/pgf/math/pgfmathfunctions.round.code.tex) (/usr/local/texlive/2020/texmf-dist/tex/generic/pgf/math/pgfmathfunctions.misc.code.tex) (/usr/local/texlive/2020/texmf-dist/tex/generic/pgf/math/pgfmathfunctions.integerarithmetics.code.tex))) (/usr/local/texlive/2020/texmf-dist/tex/generic/pgf/math/pgfmathfloat.code.tex
\c@pgfmathroundto@lastzeros=\count199
)) (/usr/local/texlive/2020/texmf-dist/tex/generic/pgf/math/pgfint.code.tex) (/usr/local/texlive/2020/texmf-dist/tex/generic/pgf/basiclayer/pgfcorepoints.code.tex
File: pgfcorepoints.code.tex 2020/01/08 v3.1.5b (3.1.5b)
\pgf@picminx=\dimen172
\pgf@picmaxx=\dimen173
\pgf@picminy=\dimen174
\pgf@picmaxy=\dimen175
\pgf@pathminx=\dimen176
\pgf@pathmaxx=\dimen177
\pgf@pathminy=\dimen178
\pgf@pathmaxy=\dimen179
\pgf@xx=\dimen180
\pgf@xy=\dimen181
\pgf@yx=\dimen182
\pgf@yy=\dimen183
\pgf@zx=\dimen184
\pgf@zy=\dimen185
) (/usr/local/texlive/2020/texmf-dist/tex/generic/pgf/basiclayer/pgfcorepathconstruct.code.tex
File: pgfcorepathconstruct.code.tex 2020/01/08 v3.1.5b (3.1.5b)
\pgf@path@lastx=\dimen186
\pgf@path@lasty=\dimen187
) (/usr/local/texlive/2020/texmf-dist/tex/generic/pgf/basiclayer/pgfcorepathusage.code.tex
File: pgfcorepathusage.code.tex 2020/01/08 v3.1.5b (3.1.5b)
\pgf@shorten@end@additional=\dimen188
\pgf@shorten@start@additional=\dimen189
) (/usr/local/texlive/2020/texmf-dist/tex/generic/pgf/basiclayer/pgfcorescopes.code.tex
File: pgfcorescopes.code.tex 2020/01/08 v3.1.5b (3.1.5b)
\pgfpic=\box106
\pgf@hbox=\box107
\pgf@layerbox@main=\box108
\pgf@picture@serial@count=\count266
) (/usr/local/texlive/2020/texmf-dist/tex/generic/pgf/basiclayer/pgfcoregraphicstate.code.tex
File: pgfcoregraphicstate.code.tex 2020/01/08 v3.1.5b (3.1.5b)
\pgflinewidth=\dimen190
) (/usr/local/texlive/2020/texmf-dist/tex/generic/pgf/basiclayer/pgfcoretransformations.code.tex
File: pgfcoretransformations.code.tex 2020/01/08 v3.1.5b (3.1.5b)
\pgf@pt@x=\dimen191
\pgf@pt@y=\dimen192
\pgf@pt@temp=\dimen193
) (/usr/local/texlive/2020/texmf-dist/tex/generic/pgf/basiclayer/pgfcorequick.code.tex
File: pgfcorequick.code.tex 2020/01/08 v3.1.5b (3.1.5b)
) (/usr/local/texlive/2020/texmf-dist/tex/generic/pgf/basiclayer/pgfcoreobjects.code.tex
File: pgfcoreobjects.code.tex 2020/01/08 v3.1.5b (3.1.5b)
) (/usr/local/texlive/2020/texmf-dist/tex/generic/pgf/basiclayer/pgfcorepathprocessing.code.tex
File: pgfcorepathprocessing.code.tex 2020/01/08 v3.1.5b (3.1.5b)
) (/usr/local/texlive/2020/texmf-dist/tex/generic/pgf/basiclayer/pgfcorearrows.code.tex
File: pgfcorearrows.code.tex 2020/01/08 v3.1.5b (3.1.5b)
\pgfarrowsep=\dimen194
) (/usr/local/texlive/2020/texmf-dist/tex/generic/pgf/basiclayer/pgfcoreshade.code.tex
File: pgfcoreshade.code.tex 2020/01/08 v3.1.5b (3.1.5b)
\pgf@max=\dimen195
\pgf@sys@shading@range@num=\count267
\pgf@shadingcount=\count268
) (/usr/local/texlive/2020/texmf-dist/tex/generic/pgf/basiclayer/pgfcoreimage.code.tex
File: pgfcoreimage.code.tex 2020/01/08 v3.1.5b (3.1.5b)
(/usr/local/texlive/2020/texmf-dist/tex/generic/pgf/basiclayer/pgfcoreexternal.code.tex
File: pgfcoreexternal.code.tex 2020/01/08 v3.1.5b (3.1.5b)
\pgfexternal@startupbox=\box109
)) (/usr/local/texlive/2020/texmf-dist/tex/generic/pgf/basiclayer/pgfcorelayers.code.tex
File: pgfcorelayers.code.tex 2020/01/08 v3.1.5b (3.1.5b)
) (/usr/local/texlive/2020/texmf-dist/tex/generic/pgf/basiclayer/pgfcoretransparency.code.tex
File: pgfcoretransparency.code.tex 2020/01/08 v3.1.5b (3.1.5b)
) (/usr/local/texlive/2020/texmf-dist/tex/generic/pgf/basiclayer/pgfcorepatterns.code.tex
File: pgfcorepatterns.code.tex 2020/01/08 v3.1.5b (3.1.5b)
) (/usr/local/texlive/2020/texmf-dist/tex/generic/pgf/basiclayer/pgfcorerdf.code.tex
File: pgfcorerdf.code.tex 2020/01/08 v3.1.5b (3.1.5b)
))) (/usr/local/texlive/2020/texmf-dist/tex/generic/pgf/modules/pgfmoduleshapes.code.tex
File: pgfmoduleshapes.code.tex 2020/01/08 v3.1.5b (3.1.5b)
\pgfnodeparttextbox=\box110
) (/usr/local/texlive/2020/texmf-dist/tex/generic/pgf/modules/pgfmoduleplot.code.tex
File: pgfmoduleplot.code.tex 2020/01/08 v3.1.5b (3.1.5b)
) (/usr/local/texlive/2020/texmf-dist/tex/latex/pgf/compatibility/pgfcomp-version-0-65.sty
Package: pgfcomp-version-0-65 2020/01/08 v3.1.5b (3.1.5b)
\pgf@nodesepstart=\dimen196
\pgf@nodesepend=\dimen197
) (/usr/local/texlive/2020/texmf-dist/tex/latex/pgf/compatibility/pgfcomp-version-1-18.sty
Package: pgfcomp-version-1-18 2020/01/08 v3.1.5b (3.1.5b)
)) (/usr/local/texlive/2020/texmf-dist/tex/latex/pgf/utilities/pgffor.sty (/usr/local/texlive/2020/texmf-dist/tex/latex/pgf/utilities/pgfkeys.sty (/usr/local/texlive/2020/texmf-dist/tex/generic/pgf/utilities/pgfkeys.code.tex)) (/usr/local/texlive/2020/texmf-dist/tex/latex/pgf/math/pgfmath.sty (/usr/local/texlive/2020/texmf-dist/tex/generic/pgf/math/pgfmath.code.tex)) (/usr/local/texlive/2020/texmf-dist/tex/generic/pgf/utilities/pgffor.code.tex
Package: pgffor 2020/01/08 v3.1.5b (3.1.5b)
(/usr/local/texlive/2020/texmf-dist/tex/generic/pgf/math/pgfmath.code.tex)
\pgffor@iter=\dimen198
\pgffor@skip=\dimen199
\pgffor@stack=\toks42
\pgffor@toks=\toks43
)) (/usr/local/texlive/2020/texmf-dist/tex/generic/pgf/frontendlayer/tikz/tikz.code.tex
Package: tikz 2020/01/08 v3.1.5b (3.1.5b)
(/usr/local/texlive/2020/texmf-dist/tex/generic/pgf/libraries/pgflibraryplothandlers.code.tex
File: pgflibraryplothandlers.code.tex 2020/01/08 v3.1.5b (3.1.5b)
\pgf@plot@mark@count=\count269
\pgfplotmarksize=\dimen256
)
\tikz@lastx=\dimen257
\tikz@lasty=\dimen258
\tikz@lastxsaved=\dimen259
\tikz@lastysaved=\dimen260
\tikz@lastmovetox=\dimen261
\tikz@lastmovetoy=\dimen262
\tikzleveldistance=\dimen263
\tikzsiblingdistance=\dimen264
\tikz@figbox=\box111
\tikz@figbox@bg=\box112
\tikz@tempbox=\box113
\tikz@tempbox@bg=\box114
\tikztreelevel=\count270
\tikznumberofchildren=\count271
\tikznumberofcurrentchild=\count272
\tikz@fig@count=\count273
(/usr/local/texlive/2020/texmf-dist/tex/generic/pgf/modules/pgfmodulematrix.code.tex
File: pgfmodulematrix.code.tex 2020/01/08 v3.1.5b (3.1.5b)
\pgfmatrixcurrentrow=\count274
\pgfmatrixcurrentcolumn=\count275
\pgf@matrix@numberofcolumns=\count276
)
\tikz@expandcount=\count277
(/usr/local/texlive/2020/texmf-dist/tex/generic/pgf/frontendlayer/tikz/libraries/tikzlibrarytopaths.code.tex
File: tikzlibrarytopaths.code.tex 2020/01/08 v3.1.5b (3.1.5b)
))) (/usr/local/texlive/2020/texmf-dist/tex/latex/wrapfig/wrapfig.sty
\wrapoverhang=\dimen265
\WF@size=\dimen266
\c@WF@wrappedlines=\count278
\WF@box=\box115
\WF@everypar=\toks44
Package: wrapfig 2003/01/31  v 3.6
) (/usr/local/texlive/2020/texmf-dist/tex/latex/base/latexsym.sty
Package: latexsym 1998/08/17 v2.2e Standard LaTeX package (lasy symbols)
\symlasy=\mathgroup7
LaTeX Font Info:    Overwriting symbol font `lasy' in version `bold'
(Font)                  U/lasy/m/n --> U/lasy/b/n on input line 52.
) (/usr/local/texlive/2020/texmf-dist/tex/latex/mnsymbol/MnSymbol.sty
Package: MnSymbol 2007/01/21 v1.4 support for the MnSymbol font
(/usr/local/texlive/2020/texmf-dist/tex/latex/base/textcomp.sty
Package: textcomp 2020/02/02 v2.0n Standard LaTeX package
)
LaTeX Info: Redefining \dagger on input line 84.
LaTeX Info: Redefining \ddagger on input line 84.
LaTeX Info: Redefining \mathparagraph on input line 84.
LaTeX Info: Redefining \mathsection on input line 84.
LaTeX Info: Redefining \mathdollar on input line 84.
LaTeX Info: Redefining \mathsterling on input line 84.
LaTeX Info: Redefining \yen on input line 84.
LaTeX Info: Redefining \circledR on input line 84.
LaTeX Info: Redefining \circledS on input line 84.
LaTeX Info: Redefining \Re on input line 84.
LaTeX Info: Redefining \Im on input line 84.
LaTeX Info: Redefining \dotplus on input line 84.
LaTeX Info: Redefining \thicksim on input line 84.
LaTeX Info: Redefining \thickapprox on input line 84.
LaTeX Info: Redefining \veebar on input line 84.
LaTeX Info: Redefining \barwedge on input line 84.
LaTeX Info: Redefining \doublebarwedge on input line 84.
LaTeX Info: Redefining \centerdot on input line 84.
LaTeX Info: Redefining \divideontimes on input line 84.
\symMnSyA=\mathgroup8
\symMnSyB=\mathgroup9
\symMnSyC=\mathgroup10
\symMnSyD=\mathgroup11
LaTeX Font Info:    Redeclaring symbol font `largesymbols' on input line 119.
LaTeX Font Info:    Overwriting symbol font `largesymbols' in version `normal'
(Font)                  OMX/cmex/m/n --> OMX/MnSymbolE/m/n on input line 119.
LaTeX Font Info:    Overwriting symbol font `largesymbols' in version `bold'
(Font)                  OMX/cmex/m/n --> OMX/MnSymbolE/m/n on input line 119.
LaTeX Font Info:    Redeclaring symbol font `symbols' on input line 120.
LaTeX Font Info:    Encoding `OMS' has changed to `U' for symbol font
(Font)              `symbols' in the math version `normal' on input line 120.
LaTeX Font Info:    Overwriting symbol font `symbols' in version `normal'
(Font)                  OMS/cmsy/m/n --> U/MnSymbolF/m/n on input line 120.
LaTeX Font Info:    Encoding `OMS' has changed to `U' for symbol font
(Font)              `symbols' in the math version `bold' on input line 120.
LaTeX Font Info:    Overwriting symbol font `symbols' in version `bold'
(Font)                  OMS/cmsy/b/n --> U/MnSymbolF/m/n on input line 120.
LaTeX Font Info:    Overwriting symbol font `MnSyA' in version `bold'
(Font)                  U/MnSymbolA/m/n --> U/MnSymbolA/b/n on input line 121.
LaTeX Font Info:    Overwriting symbol font `MnSyB' in version `bold'
(Font)                  U/MnSymbolB/m/n --> U/MnSymbolB/b/n on input line 122.
LaTeX Font Info:    Overwriting symbol font `MnSyC' in version `bold'
(Font)                  U/MnSymbolC/m/n --> U/MnSymbolC/b/n on input line 123.
LaTeX Font Info:    Overwriting symbol font `MnSyD' in version `bold'
(Font)                  U/MnSymbolD/m/n --> U/MnSymbolD/b/n on input line 124.
LaTeX Font Info:    Overwriting symbol font `largesymbols' in version `bold'
(Font)                  OMX/MnSymbolE/m/n --> OMX/MnSymbolE/b/n on input line 125.
LaTeX Font Info:    Overwriting symbol font `symbols' in version `bold'
(Font)                  U/MnSymbolF/m/n --> U/MnSymbolF/b/n on input line 126.
LaTeX Font Info:    Redeclaring math alphabet \mathcal on input line 241.
LaTeX Font Info:    Overwriting math alphabet `\mathcal' in version `bold'
(Font)                  OMS/MnSymbolS/m/n --> OMS/MnSymbolS/b/n on input line 241.
LaTeX Info: Redefining \longrightarrow on input line 548.
LaTeX Info: Redefining \longleftarrow on input line 549.
LaTeX Info: Redefining \longleftrightarrow on input line 550.
LaTeX Info: Redefining \Longrightarrow on input line 551.
LaTeX Info: Redefining \Longleftarrow on input line 552.
LaTeX Info: Redefining \Longleftrightarrow on input line 553.
LaTeX Info: Redefining \longmapsto on input line 554.
LaTeX Info: Redefining \vdots on input line 868.
LaTeX Font Info:    Redeclaring math symbol \braceld on input line 1721.
LaTeX Font Info:    Redeclaring math symbol \bracelu on input line 1722.
LaTeX Font Info:    Redeclaring math symbol \bracerd on input line 1723.
LaTeX Font Info:    Redeclaring math symbol \braceru on input line 1724.
LaTeX Info: Redefining \downbracefill on input line 1799.
LaTeX Info: Redefining \upbracefill on input line 1800.
LaTeX Info: Redefining \overbrace on input line 1819.
LaTeX Info: Redefining \underbrace on input line 1820.
LaTeX Info: Redefining \surd on input line 1843.
LaTeX Font Info:    Redeclaring math accent \widehat on input line 1845.
LaTeX Font Info:    Redeclaring math accent \widetilde on input line 1846.
LaTeX Font Info:    Redeclaring math accent \vec on input line 1848.
) (/usr/local/texlive/2020/texmf-dist/tex/generic/tikz-cd/tikzlibrarycd.code.tex (/usr/local/texlive/2020/texmf-dist/tex/generic/pgf/frontendlayer/tikz/libraries/tikzlibrarymatrix.code.tex
File: tikzlibrarymatrix.code.tex 2020/01/08 v3.1.5b (3.1.5b)
) (/usr/local/texlive/2020/texmf-dist/tex/generic/pgf/frontendlayer/tikz/libraries/tikzlibraryquotes.code.tex
File: tikzlibraryquotes.code.tex 2020/01/08 v3.1.5b (3.1.5b)
) (/usr/local/texlive/2020/texmf-dist/tex/generic/pgf/libraries/pgflibraryarrows.meta.code.tex
File: pgflibraryarrows.meta.code.tex 2020/01/08 v3.1.5b (3.1.5b)
\pgfarrowinset=\dimen267
\pgfarrowlength=\dimen268
\pgfarrowwidth=\dimen269
\pgfarrowlinewidth=\dimen270
))
\c@prob=\count279
\c@answer=\count280
(/usr/local/texlive/2020/texmf-dist/tex/latex/l3backend/l3backend-dvipdfmx.def
File: l3backend-dvipdfmx.def 2020-03-12 L3 backend support: dvipdfmx
\g__graphics_track_int=\count281
\l__pdf_internal_box=\box116
\g__pdf_backend_object_int=\count282
\g__pdf_backend_annotation_int=\count283
) (out/AMC002.aux)
\openout1 = `AMC002.aux'.

LaTeX Font Info:    Checking defaults for OML/cmm/m/it on input line 25.
LaTeX Font Info:    ... okay on input line 25.
LaTeX Font Info:    Checking defaults for OMS/cmsy/m/n on input line 25.
LaTeX Font Info:    ... okay on input line 25.
LaTeX Font Info:    Checking defaults for OT1/cmr/m/n on input line 25.
LaTeX Font Info:    ... okay on input line 25.
LaTeX Font Info:    Checking defaults for T1/cmr/m/n on input line 25.
LaTeX Font Info:    ... okay on input line 25.
LaTeX Font Info:    Checking defaults for TS1/cmr/m/n on input line 25.
LaTeX Font Info:    ... okay on input line 25.
LaTeX Font Info:    Checking defaults for OMX/cmex/m/n on input line 25.
LaTeX Font Info:    ... okay on input line 25.
LaTeX Font Info:    Checking defaults for U/cmr/m/n on input line 25.
LaTeX Font Info:    ... okay on input line 25.

! LaTeX Error: The font size command \normalsize is not defined:
               there is probably something wrong with the class file.

See the LaTeX manual or LaTeX Companion for explanation.
Type  H <return>  for immediate help.
 ...                                              
                                                  
l.25 \begin{document}
                     
Your command was ignored.
Type  I <command> <return>  to replace it with another command,
or  <return>  to continue without it.

ABD: EveryShipout initializing macros
! Illegal unit of measure (pt inserted).
<to be read again> 
                   z
l.28 \hskip1z
             w {\Large Asahi\ Math Contest 002}
Dimensions can be in units of em, ex, in, pt, pc,
cm, mm, dd, cc, nd, nc, bp, or sp; but yours is a new one!
I'll assume that you meant to say pt, for printer's points.
To recover gracefully from this error, it's best to
delete the erroneous units; e.g., type `2' to delete
two letters. (See Chapter 27 of The TeXbook.)

! Undefined control sequence.
l.28 \hskip1zw {\Large
                       Asahi\ Math Contest 002}
The control sequence at the end of the top line
of your error message was never \def'ed. If you have
misspelled it (e.g., `\hobx'), type `I' and the correct
spelling (e.g., `I\hbox'). Otherwise just continue,
and I'll forget about whatever was undefined.

! Illegal unit of measure (pt inserted).
<to be read again> 
                   z
l.29 \hskip1z
             w R3.9.11 Á¨¨$74$ÂõûÊúùÊó•Á•≠\\  % \hskip„ÅØÊ∞¥Âπ≥ÊñπÂêë„Å´„Çπ„...
Dimensions can be in units of em, ex, in, pt, pc,
cm, mm, dd, cc, nd, nc, bp, or sp; but yours is a new one!
I'll assume that you meant to say pt, for printer's points.
To recover gracefully from this error, it's best to
delete the erroneous units; e.g., type `2' to delete
two letters. (See Chapter 27 of The TeXbook.)


! Package inputenc Error: Unicode character Á¨¨ (U+7B2C)
(inputenc)                not set up for use with LaTeX.

See the inputenc package documentation for explanation.
Type  H <return>  for immediate help.
 ...                                              
                                                  
l.29 \hskip1zw R3.9.11 Á¨¨
                          $74$ÂõûÊúùÊó•Á•≠\\  % \hskip„ÅØÊ∞¥Âπ≥ÊñπÂêë„Å´„Çπ„...
You may provide a definition with
\DeclareUnicodeCharacter 

LaTeX Font Info:    Trying to load font information for U+rsfs on input line 29.
(/usr/local/texlive/2020/texmf-dist/tex/latex/jknapltx/ursfs.fd
File: ursfs.fd 1998/03/24 rsfs font definition file (jk)
)
LaTeX Font Info:    Trying to load font information for U+msa on input line 29.
(/usr/local/texlive/2020/texmf-dist/tex/latex/amsfonts/umsa.fd
File: umsa.fd 2013/01/14 v3.01 AMS symbols A
)
LaTeX Font Info:    Trying to load font information for U+msb on input line 29.
(/usr/local/texlive/2020/texmf-dist/tex/latex/amsfonts/umsb.fd
File: umsb.fd 2013/01/14 v3.01 AMS symbols B
)
LaTeX Font Info:    Trying to load font information for U+lasy on input line 29.
(/usr/local/texlive/2020/texmf-dist/tex/latex/base/ulasy.fd
File: ulasy.fd 1998/08/17 v2.2e LaTeX symbol font definitions
)

! Package inputenc Error: Unicode character Âõû (U+56DE)
(inputenc)                not set up for use with LaTeX.

See the inputenc package documentation for explanation.
Type  H <return>  for immediate help.
 ...                                              
                                                  
l.29 \hskip1zw R3.9.11 Á¨¨$74$Âõû
                                 ÊúùÊó•Á•≠\\  % \hskip„ÅØÊ∞¥Âπ≥ÊñπÂêë„Å´„Çπ„...
You may provide a definition with
\DeclareUnicodeCharacter 


! Package inputenc Error: Unicode character Êúù (U+671D)
(inputenc)                not set up for use with LaTeX.

See the inputenc package documentation for explanation.
Type  H <return>  for immediate help.
 ...                                              
                                                  
l.29 \hskip1zw R3.9.11 Á¨¨$74$ÂõûÊúù
                                    Êó•Á•≠\\  % \hskip„ÅØÊ∞¥Âπ≥ÊñπÂêë„Å´„Çπ„...
You may provide a definition with
\DeclareUnicodeCharacter 


! Package inputenc Error: Unicode character Êó• (U+65E5)
(inputenc)                not set up for use with LaTeX.

See the inputenc package documentation for explanation.
Type  H <return>  for immediate help.
 ...                                              
                                                  
l.29 \hskip1zw R3.9.11 Á¨¨$74$ÂõûÊúùÊó•
                                       Á•≠\\  % \hskip„ÅØÊ∞¥Âπ≥ÊñπÂêë„Å´„Çπ„...
You may provide a definition with
\DeclareUnicodeCharacter 


! Package inputenc Error: Unicode character Á•≠ (U+796D)
(inputenc)                not set up for use with LaTeX.

See the inputenc package documentation for explanation.
Type  H <return>  for immediate help.
 ...                                              
                                                  
l.29 \hskip1zw R3.9.11 Á¨¨$74$ÂõûÊúùÊó•Á•≠
                                          \\  % \hskip„ÅØÊ∞¥Âπ≥ÊñπÂêë„Å´„Çπ„...
You may provide a definition with
\DeclareUnicodeCharacter 


! Package inputenc Error: Unicode character Â≤° (U+5CA1)
(inputenc)                not set up for use with LaTeX.

See the inputenc package documentation for explanation.
Type  H <return>  for immediate help.
 ...                                              
                                                  
l.30 \rightline {Â≤°Â±±ÊúùÊó•Êï∞Â≠¶ÂêåÂ•Ω‰ºö}
                                             \\
You may provide a definition with
\DeclareUnicodeCharacter 


! Package inputenc Error: Unicode character Â±± (U+5C71)
(inputenc)                not set up for use with LaTeX.

See the inputenc package documentation for explanation.
Type  H <return>  for immediate help.
 ...                                              
                                                  
l.30 \rightline {Â≤°Â±±ÊúùÊó•Êï∞Â≠¶ÂêåÂ•Ω‰ºö}
                                             \\
You may provide a definition with
\DeclareUnicodeCharacter 


! Package inputenc Error: Unicode character Êúù (U+671D)
(inputenc)                not set up for use with LaTeX.

See the inputenc package documentation for explanation.
Type  H <return>  for immediate help.
 ...                                              
                                                  
l.30 \rightline {Â≤°Â±±ÊúùÊó•Êï∞Â≠¶ÂêåÂ•Ω‰ºö}
                                             \\
You may provide a definition with
\DeclareUnicodeCharacter 


! Package inputenc Error: Unicode character Êó• (U+65E5)
(inputenc)                not set up for use with LaTeX.

See the inputenc package documentation for explanation.
Type  H <return>  for immediate help.
 ...                                              
                                                  
l.30 \rightline {Â≤°Â±±ÊúùÊó•Êï∞Â≠¶ÂêåÂ•Ω‰ºö}
                                             \\
You may provide a definition with
\DeclareUnicodeCharacter 


! Package inputenc Error: Unicode character Êï∞ (U+6570)
(inputenc)                not set up for use with LaTeX.

See the inputenc package documentation for explanation.
Type  H <return>  for immediate help.
 ...                                              
                                                  
l.30 \rightline {Â≤°Â±±ÊúùÊó•Êï∞Â≠¶ÂêåÂ•Ω‰ºö}
                                             \\
You may provide a definition with
\DeclareUnicodeCharacter 


! Package inputenc Error: Unicode character Â≠¶ (U+5B66)
(inputenc)                not set up for use with LaTeX.

See the inputenc package documentation for explanation.
Type  H <return>  for immediate help.
 ...                                              
                                                  
l.30 \rightline {Â≤°Â±±ÊúùÊó•Êï∞Â≠¶ÂêåÂ•Ω‰ºö}
                                             \\
You may provide a definition with
\DeclareUnicodeCharacter 


! Package inputenc Error: Unicode character Âêå (U+540C)
(inputenc)                not set up for use with LaTeX.

See the inputenc package documentation for explanation.
Type  H <return>  for immediate help.
 ...                                              
                                                  
l.30 \rightline {Â≤°Â±±ÊúùÊó•Êï∞Â≠¶ÂêåÂ•Ω‰ºö}
                                             \\
You may provide a definition with
\DeclareUnicodeCharacter 


! Package inputenc Error: Unicode character Â•Ω (U+597D)
(inputenc)                not set up for use with LaTeX.

See the inputenc package documentation for explanation.
Type  H <return>  for immediate help.
 ...                                              
                                                  
l.30 \rightline {Â≤°Â±±ÊúùÊó•Êï∞Â≠¶ÂêåÂ•Ω‰ºö}
                                             \\
You may provide a definition with
\DeclareUnicodeCharacter 


! Package inputenc Error: Unicode character ‰ºö (U+4F1A)
(inputenc)                not set up for use with LaTeX.

See the inputenc package documentation for explanation.
Type  H <return>  for immediate help.
 ...                                              
                                                  
l.30 \rightline {Â≤°Â±±ÊúùÊó•Êï∞Â≠¶ÂêåÂ•Ω‰ºö}
                                             \\
You may provide a definition with
\DeclareUnicodeCharacter 

! Illegal unit of measure (pt inserted).
<to be read again> 
                   z
l.31 ... \hskip2zw Áï™\hskip1zw Ê∞èÂêç \hskip30ex}
                                                   \\
Dimensions can be in units of em, ex, in, pt, pc,
cm, mm, dd, cc, nd, nc, bp, or sp; but yours is a new one!
I'll assume that you meant to say pt, for printer's points.
To recover gracefully from this error, it's best to
delete the erroneous units; e.g., type `2' to delete
two letters. (See Chapter 27 of The TeXbook.)


! Package inputenc Error: Unicode character Âπ¥ (U+5E74)
(inputenc)                not set up for use with LaTeX.

See the inputenc package documentation for explanation.
Type  H <return>  for immediate help.
 ...                                              
                                                  
l.31 ... \hskip2zw Áï™\hskip1zw Ê∞èÂêç \hskip30ex}
                                                   \\
You may provide a definition with
\DeclareUnicodeCharacter 

! Illegal unit of measure (pt inserted).
<to be read again> 
                   z
l.31 ... \hskip2zw Áï™\hskip1zw Ê∞èÂêç \hskip30ex}
                                                   \\
Dimensions can be in units of em, ex, in, pt, pc,
cm, mm, dd, cc, nd, nc, bp, or sp; but yours is a new one!
I'll assume that you meant to say pt, for printer's points.
To recover gracefully from this error, it's best to
delete the erroneous units; e.g., type `2' to delete
two letters. (See Chapter 27 of The TeXbook.)


! Package inputenc Error: Unicode character ÁµÑ (U+7D44)
(inputenc)                not set up for use with LaTeX.

See the inputenc package documentation for explanation.
Type  H <return>  for immediate help.
 ...                                              
                                                  
l.31 ... \hskip2zw Áï™\hskip1zw Ê∞èÂêç \hskip30ex}
                                                   \\
You may provide a definition with
\DeclareUnicodeCharacter 

! Illegal unit of measure (pt inserted).
<to be read again> 
                   z
l.31 ... \hskip2zw Áï™\hskip1zw Ê∞èÂêç \hskip30ex}
                                                   \\
Dimensions can be in units of em, ex, in, pt, pc,
cm, mm, dd, cc, nd, nc, bp, or sp; but yours is a new one!
I'll assume that you meant to say pt, for printer's points.
To recover gracefully from this error, it's best to
delete the erroneous units; e.g., type `2' to delete
two letters. (See Chapter 27 of The TeXbook.)


! Package inputenc Error: Unicode character Áï™ (U+756A)
(inputenc)                not set up for use with LaTeX.

See the inputenc package documentation for explanation.
Type  H <return>  for immediate help.
 ...                                              
                                                  
l.31 ... \hskip2zw Áï™\hskip1zw Ê∞èÂêç \hskip30ex}
                                                   \\
You may provide a definition with
\DeclareUnicodeCharacter 

! Illegal unit of measure (pt inserted).
<to be read again> 
                   z
l.31 ... \hskip2zw Áï™\hskip1zw Ê∞èÂêç \hskip30ex}
                                                   \\
Dimensions can be in units of em, ex, in, pt, pc,
cm, mm, dd, cc, nd, nc, bp, or sp; but yours is a new one!
I'll assume that you meant to say pt, for printer's points.
To recover gracefully from this error, it's best to
delete the erroneous units; e.g., type `2' to delete
two letters. (See Chapter 27 of The TeXbook.)


! Package inputenc Error: Unicode character Ê∞è (U+6C0F)
(inputenc)                not set up for use with LaTeX.

See the inputenc package documentation for explanation.
Type  H <return>  for immediate help.
 ...                                              
                                                  
l.31 ... \hskip2zw Áï™\hskip1zw Ê∞èÂêç \hskip30ex}
                                                   \\
You may provide a definition with
\DeclareUnicodeCharacter 


! Package inputenc Error: Unicode character Âêç (U+540D)
(inputenc)                not set up for use with LaTeX.

See the inputenc package documentation for explanation.
Type  H <return>  for immediate help.
 ...                                              
                                                  
l.31 ... \hskip2zw Áï™\hskip1zw Ê∞èÂêç \hskip30ex}
                                                   \\
You may provide a definition with
\DeclareUnicodeCharacter 

! Undefined control sequence.
l.32 {\Large
            {*Ê≥®ÊÑè}}\\
The control sequence at the end of the top line
of your error message was never \def'ed. If you have
misspelled it (e.g., `\hobx'), type `I' and the correct
spelling (e.g., `I\hbox'). Otherwise just continue,
and I'll forget about whatever was undefined.


! Package inputenc Error: Unicode character Ê≥® (U+6CE8)
(inputenc)                not set up for use with LaTeX.

See the inputenc package documentation for explanation.
Type  H <return>  for immediate help.
 ...                                              
                                                  
l.32 {\Large{*Ê≥®
                 ÊÑè}}\\
You may provide a definition with
\DeclareUnicodeCharacter 


! Package inputenc Error: Unicode character ÊÑè (U+610F)
(inputenc)                not set up for use with LaTeX.

See the inputenc package documentation for explanation.
Type  H <return>  for immediate help.
 ...                                              
                                                  
l.32 {\Large{*Ê≥®ÊÑè
                    }}\\
You may provide a definition with
\DeclareUnicodeCharacter 


! Package inputenc Error: Unicode character „Åß (U+3067)
(inputenc)                not set up for use with LaTeX.

See the inputenc package documentation for explanation.
Type  H <return>  for immediate help.
 ...                                              
                                                  
l.33 ...ì„Å®„ÇíË°®„Åô„ÇÇ„ÅÆ„Å®„Åô„ÇãÔºé\hskip27zw}
                                                  
You may provide a definition with
\DeclareUnicodeCharacter 


! Package inputenc Error: Unicode character ‰∫å (U+4E8C)
(inputenc)                not set up for use with LaTeX.

See the inputenc package documentation for explanation.
Type  H <return>  for immediate help.
 ...                                              
                                                  
l.33 ...ì„Å®„ÇíË°®„Åô„ÇÇ„ÅÆ„Å®„Åô„ÇãÔºé\hskip27zw}
                                                  
You may provide a definition with
\DeclareUnicodeCharacter 


! Package inputenc Error: Unicode character È†Ö (U+9805)
(inputenc)                not set up for use with LaTeX.

See the inputenc package documentation for explanation.
Type  H <return>  for immediate help.
 ...                                              
                                                  
l.33 ...ì„Å®„ÇíË°®„Åô„ÇÇ„ÅÆ„Å®„Åô„ÇãÔºé\hskip27zw}
                                                  
You may provide a definition with
\DeclareUnicodeCharacter 


! Package inputenc Error: Unicode character ‰øÇ (U+4FC2)
(inputenc)                not set up for use with LaTeX.

See the inputenc package documentation for explanation.
Type  H <return>  for immediate help.
 ...                                              
                                                  
l.33 ...ì„Å®„ÇíË°®„Åô„ÇÇ„ÅÆ„Å®„Åô„ÇãÔºé\hskip27zw}
                                                  
You may provide a definition with
\DeclareUnicodeCharacter 


! Package inputenc Error: Unicode character Êï∞ (U+6570)
(inputenc)                not set up for use with LaTeX.

See the inputenc package documentation for explanation.
Type  H <return>  for immediate help.
 ...                                              
                                                  
l.33 ...ì„Å®„ÇíË°®„Åô„ÇÇ„ÅÆ„Å®„Åô„ÇãÔºé\hskip27zw}
                                                  
You may provide a definition with
\DeclareUnicodeCharacter 


! Package inputenc Error: Unicode character „Å® (U+3068)
(inputenc)                not set up for use with LaTeX.

See the inputenc package documentation for explanation.
Type  H <return>  for immediate help.
 ...                                              
                                                  
l.33 ...ì„Å®„ÇíË°®„Åô„ÇÇ„ÅÆ„Å®„Åô„ÇãÔºé\hskip27zw}
                                                  
You may provide a definition with
\DeclareUnicodeCharacter 


! Package inputenc Error: Unicode character Âêå (U+540C)
(inputenc)                not set up for use with LaTeX.

See the inputenc package documentation for explanation.
Type  H <return>  for immediate help.
 ...                                              
                                                  
l.33 ...ì„Å®„ÇíË°®„Åô„ÇÇ„ÅÆ„Å®„Åô„ÇãÔºé\hskip27zw}
                                                  
You may provide a definition with
\DeclareUnicodeCharacter 


! Package inputenc Error: Unicode character „Åò (U+3058)
(inputenc)                not set up for use with LaTeX.

See the inputenc package documentation for explanation.
Type  H <return>  for immediate help.
 ...                                              
                                                  
l.33 ...ì„Å®„ÇíË°®„Åô„ÇÇ„ÅÆ„Å®„Åô„ÇãÔºé\hskip27zw}
                                                  
You may provide a definition with
\DeclareUnicodeCharacter 


! Package inputenc Error: Unicode character „Åì (U+3053)
(inputenc)                not set up for use with LaTeX.

See the inputenc package documentation for explanation.
Type  H <return>  for immediate help.
 ...                                              
                                                  
l.33 ...ì„Å®„ÇíË°®„Åô„ÇÇ„ÅÆ„Å®„Åô„ÇãÔºé\hskip27zw}
                                                  
You may provide a definition with
\DeclareUnicodeCharacter 


! Package inputenc Error: Unicode character „Å® (U+3068)
(inputenc)                not set up for use with LaTeX.

See the inputenc package documentation for explanation.
Type  H <return>  for immediate help.
 ...                                              
                                                  
l.33 ...ì„Å®„ÇíË°®„Åô„ÇÇ„ÅÆ„Å®„Åô„ÇãÔºé\hskip27zw}
                                                  
You may provide a definition with
\DeclareUnicodeCharacter 


! Package inputenc Error: Unicode character „Çí (U+3092)
(inputenc)                not set up for use with LaTeX.

See the inputenc package documentation for explanation.
Type  H <return>  for immediate help.
 ...                                              
                                                  
l.33 ...ì„Å®„ÇíË°®„Åô„ÇÇ„ÅÆ„Å®„Åô„ÇãÔºé\hskip27zw}
                                                  
You may provide a definition with
\DeclareUnicodeCharacter 


! Package inputenc Error: Unicode character Ë°® (U+8868)
(inputenc)                not set up for use with LaTeX.

See the inputenc package documentation for explanation.
Type  H <return>  for immediate help.
 ...                                              
                                                  
l.33 ...ì„Å®„ÇíË°®„Åô„ÇÇ„ÅÆ„Å®„Åô„ÇãÔºé\hskip27zw}
                                                  
You may provide a definition with
\DeclareUnicodeCharacter 


! Package inputenc Error: Unicode character „Åô (U+3059)
(inputenc)                not set up for use with LaTeX.

See the inputenc package documentation for explanation.
Type  H <return>  for immediate help.
 ...                                              
                                                  
l.33 ...ì„Å®„ÇíË°®„Åô„ÇÇ„ÅÆ„Å®„Åô„ÇãÔºé\hskip27zw}
                                                  
You may provide a definition with
\DeclareUnicodeCharacter 


! Package inputenc Error: Unicode character „ÇÇ (U+3082)
(inputenc)                not set up for use with LaTeX.

See the inputenc package documentation for explanation.
Type  H <return>  for immediate help.
 ...                                              
                                                  
l.33 ...ì„Å®„ÇíË°®„Åô„ÇÇ„ÅÆ„Å®„Åô„ÇãÔºé\hskip27zw}
                                                  
You may provide a definition with
\DeclareUnicodeCharacter 


! Package inputenc Error: Unicode character „ÅÆ (U+306E)
(inputenc)                not set up for use with LaTeX.

See the inputenc package documentation for explanation.
Type  H <return>  for immediate help.
 ...                                              
                                                  
l.33 ...ì„Å®„ÇíË°®„Åô„ÇÇ„ÅÆ„Å®„Åô„ÇãÔºé\hskip27zw}
                                                  
You may provide a definition with
\DeclareUnicodeCharacter 


! Package inputenc Error: Unicode character „Å® (U+3068)
(inputenc)                not set up for use with LaTeX.

See the inputenc package documentation for explanation.
Type  H <return>  for immediate help.
 ...                                              
                                                  
l.33 ...ì„Å®„ÇíË°®„Åô„ÇÇ„ÅÆ„Å®„Åô„ÇãÔºé\hskip27zw}
                                                  
You may provide a definition with
\DeclareUnicodeCharacter 


! Package inputenc Error: Unicode character „Åô (U+3059)
(inputenc)                not set up for use with LaTeX.

See the inputenc package documentation for explanation.
Type  H <return>  for immediate help.
 ...                                              
                                                  
l.33 ...ì„Å®„ÇíË°®„Åô„ÇÇ„ÅÆ„Å®„Åô„ÇãÔºé\hskip27zw}
                                                  
You may provide a definition with
\DeclareUnicodeCharacter 


! Package inputenc Error: Unicode character „Çã (U+308B)
(inputenc)                not set up for use with LaTeX.

See the inputenc package documentation for explanation.
Type  H <return>  for immediate help.
 ...                                              
                                                  
l.33 ...ì„Å®„ÇíË°®„Åô„ÇÇ„ÅÆ„Å®„Åô„ÇãÔºé\hskip27zw}
                                                  
You may provide a definition with
\DeclareUnicodeCharacter 


! Package inputenc Error: Unicode character Ôºé (U+FF0E)
(inputenc)                not set up for use with LaTeX.

See the inputenc package documentation for explanation.
Type  H <return>  for immediate help.
 ...                                              
                                                  
l.33 ...ì„Å®„ÇíË°®„Åô„ÇÇ„ÅÆ„Å®„Åô„ÇãÔºé\hskip27zw}
                                                  
You may provide a definition with
\DeclareUnicodeCharacter 

! Illegal unit of measure (pt inserted).
<to be read again> 
                   z
l.33 ...ì„Å®„ÇíË°®„Åô„ÇÇ„ÅÆ„Å®„Åô„ÇãÔºé\hskip27zw}
                                                  
Dimensions can be in units of em, ex, in, pt, pc,
cm, mm, dd, cc, nd, nc, bp, or sp; but yours is a new one!
I'll assume that you meant to say pt, for printer's points.
To recover gracefully from this error, it's best to
delete the erroneous units; e.g., type `2' to delete
two letters. (See Chapter 27 of The TeXbook.)


! Package inputenc Error: Unicode character Êú¨ (U+672C)
(inputenc)                not set up for use with LaTeX.

See the inputenc package documentation for explanation.
Type  H <return>  for immediate help.
 ...                                              
                                                  
l.36   $1$Êú¨
             „ÅÆÈÅìË∑Ø„Åå„ÅÇ„ÇäÔºåÂõ≥$1$„ÅÆ„Çà„ÅÜ„Å´ÊûùÂàÜ„Åã„Çå„Åó„Å¶„ÅÑ„ÇãÔºé
You may provide a definition with
\DeclareUnicodeCharacter 


! Package inputenc Error: Unicode character „ÅÆ (U+306E)
(inputenc)                not set up for use with LaTeX.

See the inputenc package documentation for explanation.
Type  H <return>  for immediate help.
 ...                                              
                                                  
l.36   $1$Êú¨„ÅÆ
                ÈÅìË∑Ø„Åå„ÅÇ„ÇäÔºåÂõ≥$1$„ÅÆ„Çà„ÅÜ„Å´ÊûùÂàÜ„Åã„Çå„Åó„Å¶„ÅÑ„ÇãÔºé
You may provide a definition with
\DeclareUnicodeCharacter 


! Package inputenc Error: Unicode character ÈÅì (U+9053)
(inputenc)                not set up for use with LaTeX.

See the inputenc package documentation for explanation.
Type  H <return>  for immediate help.
 ...                                              
                                                  
l.36   $1$Êú¨„ÅÆÈÅì
                   Ë∑Ø„Åå„ÅÇ„ÇäÔºåÂõ≥$1$„ÅÆ„Çà„ÅÜ„Å´ÊûùÂàÜ„Åã„Çå„Åó„Å¶„ÅÑ„ÇãÔºé
You may provide a definition with
\DeclareUnicodeCharacter 


! Package inputenc Error: Unicode character Ë∑Ø (U+8DEF)
(inputenc)                not set up for use with LaTeX.

See the inputenc package documentation for explanation.
Type  H <return>  for immediate help.
 ...                                              
                                                  
l.36   $1$Êú¨„ÅÆÈÅìË∑Ø
                      „Åå„ÅÇ„ÇäÔºåÂõ≥$1$„ÅÆ„Çà„ÅÜ„Å´ÊûùÂàÜ„Åã„Çå„Åó„Å¶„ÅÑ„ÇãÔºé
You may provide a definition with
\DeclareUnicodeCharacter 


! Package inputenc Error: Unicode character „Åå (U+304C)
(inputenc)                not set up for use with LaTeX.

See the inputenc package documentation for explanation.
Type  H <return>  for immediate help.
 ...                                              
                                                  
l.36   $1$Êú¨„ÅÆÈÅìË∑Ø„Åå
                         „ÅÇ„ÇäÔºåÂõ≥$1$„ÅÆ„Çà„ÅÜ„Å´ÊûùÂàÜ„Åã„Çå„Åó„Å¶„ÅÑ„ÇãÔºé
You may provide a definition with
\DeclareUnicodeCharacter 


! Package inputenc Error: Unicode character „ÅÇ (U+3042)
(inputenc)                not set up for use with LaTeX.

See the inputenc package documentation for explanation.
Type  H <return>  for immediate help.
 ...                                              
                                                  
l.36   $1$Êú¨„ÅÆÈÅìË∑Ø„Åå„ÅÇ
                            „ÇäÔºåÂõ≥$1$„ÅÆ„Çà„ÅÜ„Å´ÊûùÂàÜ„Åã„Çå„Åó„Å¶„ÅÑ„ÇãÔºé
You may provide a definition with
\DeclareUnicodeCharacter 


! Package inputenc Error: Unicode character „Çä (U+308A)
(inputenc)                not set up for use with LaTeX.

See the inputenc package documentation for explanation.
Type  H <return>  for immediate help.
 ...                                              
                                                  
l.36   $1$Êú¨„ÅÆÈÅìË∑Ø„Åå„ÅÇ„Çä
                               ÔºåÂõ≥$1$„ÅÆ„Çà„ÅÜ„Å´ÊûùÂàÜ„Åã„Çå„Åó„Å¶„ÅÑ„ÇãÔºé
You may provide a definition with
\DeclareUnicodeCharacter 


! Package inputenc Error: Unicode character Ôºå (U+FF0C)
(inputenc)                not set up for use with LaTeX.

See the inputenc package documentation for explanation.
Type  H <return>  for immediate help.
 ...                                              
                                                  
l.36   $1$Êú¨„ÅÆÈÅìË∑Ø„Åå„ÅÇ„ÇäÔºå
                                  Âõ≥$1$„ÅÆ„Çà„ÅÜ„Å´ÊûùÂàÜ„Åã„Çå„Åó„Å¶„ÅÑ„ÇãÔºé
You may provide a definition with
\DeclareUnicodeCharacter 


! Package inputenc Error: Unicode character Âõ≥ (U+56F3)
(inputenc)                not set up for use with LaTeX.

See the inputenc package documentation for explanation.
Type  H <return>  for immediate help.
 ...                                              
                                                  
l.36   $1$Êú¨„ÅÆÈÅìË∑Ø„Åå„ÅÇ„ÇäÔºåÂõ≥
                                     $1$„ÅÆ„Çà„ÅÜ„Å´ÊûùÂàÜ„Åã„Çå„Åó„Å¶„ÅÑ„ÇãÔºé
You may provide a definition with
\DeclareUnicodeCharacter 


! Package inputenc Error: Unicode character „ÅÆ (U+306E)
(inputenc)                not set up for use with LaTeX.

See the inputenc package documentation for explanation.
Type  H <return>  for immediate help.
 ...                                              
                                                  
l.36   $1$Êú¨„ÅÆÈÅìË∑Ø„Åå„ÅÇ„ÇäÔºåÂõ≥$1$„ÅÆ
                                           „Çà„ÅÜ„Å´ÊûùÂàÜ„Åã„Çå„Åó„Å¶„ÅÑ„ÇãÔºé
You may provide a definition with
\DeclareUnicodeCharacter 


! Package inputenc Error: Unicode character „Çà (U+3088)
(inputenc)                not set up for use with LaTeX.

See the inputenc package documentation for explanation.
Type  H <return>  for immediate help.
 ...                                              
                                                  
l.36   $1$Êú¨„ÅÆÈÅìË∑Ø„Åå„ÅÇ„ÇäÔºåÂõ≥$1$„ÅÆ„Çà
                                              „ÅÜ„Å´ÊûùÂàÜ„Åã„Çå„Åó„Å¶„ÅÑ„ÇãÔºé
You may provide a definition with
\DeclareUnicodeCharacter 


! Package inputenc Error: Unicode character „ÅÜ (U+3046)
(inputenc)                not set up for use with LaTeX.

See the inputenc package documentation for explanation.
Type  H <return>  for immediate help.
 ...                                              
                                                  
l.36   $1$Êú¨„ÅÆÈÅìË∑Ø„Åå„ÅÇ„ÇäÔºåÂõ≥$1$„ÅÆ„Çà„ÅÜ
                                                 „Å´ÊûùÂàÜ„Åã„Çå„Åó„Å¶„ÅÑ„ÇãÔºé
You may provide a definition with
\DeclareUnicodeCharacter 


! Package inputenc Error: Unicode character „Å´ (U+306B)
(inputenc)                not set up for use with LaTeX.

See the inputenc package documentation for explanation.
Type  H <return>  for immediate help.
 ...                                              
                                                  
l.36 ...Êú¨„ÅÆÈÅìË∑Ø„Åå„ÅÇ„ÇäÔºåÂõ≥$1$„ÅÆ„Çà„ÅÜ„Å´
                                                  ÊûùÂàÜ„Åã„Çå„Åó„Å¶„ÅÑ„ÇãÔºé
You may provide a definition with
\DeclareUnicodeCharacter 


! Package inputenc Error: Unicode character Êûù (U+679D)
(inputenc)                not set up for use with LaTeX.

See the inputenc package documentation for explanation.
Type  H <return>  for immediate help.
 ...                                              
                                                  
l.36 ...„ÅÆÈÅìË∑Ø„Åå„ÅÇ„ÇäÔºåÂõ≥$1$„ÅÆ„Çà„ÅÜ„Å´Êûù
                                                  ÂàÜ„Åã„Çå„Åó„Å¶„ÅÑ„ÇãÔºé
You may provide a definition with
\DeclareUnicodeCharacter 


! Package inputenc Error: Unicode character ÂàÜ (U+5206)
(inputenc)                not set up for use with LaTeX.

See the inputenc package documentation for explanation.
Type  H <return>  for immediate help.
 ...                                              
                                                  
l.36 ...ÈÅìË∑Ø„Åå„ÅÇ„ÇäÔºåÂõ≥$1$„ÅÆ„Çà„ÅÜ„Å´ÊûùÂàÜ
                                                  „Åã„Çå„Åó„Å¶„ÅÑ„ÇãÔºé
You may provide a definition with
\DeclareUnicodeCharacter 


! Package inputenc Error: Unicode character „Åã (U+304B)
(inputenc)                not set up for use with LaTeX.

See the inputenc package documentation for explanation.
Type  H <return>  for immediate help.
 ...                                              
                                                  
l.36 ...Ë∑Ø„Åå„ÅÇ„ÇäÔºåÂõ≥$1$„ÅÆ„Çà„ÅÜ„Å´ÊûùÂàÜ„Åã
                                                  „Çå„Åó„Å¶„ÅÑ„ÇãÔºé
You may provide a definition with
\DeclareUnicodeCharacter 


! Package inputenc Error: Unicode character „Çå (U+308C)
(inputenc)                not set up for use with LaTeX.

See the inputenc package documentation for explanation.
Type  H <return>  for immediate help.
 ...                                              
                                                  
l.36 ...„Åå„ÅÇ„ÇäÔºåÂõ≥$1$„ÅÆ„Çà„ÅÜ„Å´ÊûùÂàÜ„Åã„Çå
                                                  „Åó„Å¶„ÅÑ„ÇãÔºé
You may provide a definition with
\DeclareUnicodeCharacter 


! Package inputenc Error: Unicode character „Åó (U+3057)
(inputenc)                not set up for use with LaTeX.

See the inputenc package documentation for explanation.
Type  H <return>  for immediate help.
 ...                                              
                                                  
l.36 ...„ÅÇ„ÇäÔºåÂõ≥$1$„ÅÆ„Çà„ÅÜ„Å´ÊûùÂàÜ„Åã„Çå„Åó
                                                  „Å¶„ÅÑ„ÇãÔºé
You may provide a definition with
\DeclareUnicodeCharacter 


! Package inputenc Error: Unicode character „Å¶ (U+3066)
(inputenc)                not set up for use with LaTeX.

See the inputenc package documentation for explanation.
Type  H <return>  for immediate help.
 ...                                              
                                                  
l.36 ...„ÇäÔºåÂõ≥$1$„ÅÆ„Çà„ÅÜ„Å´ÊûùÂàÜ„Åã„Çå„Åó„Å¶
                                                  „ÅÑ„ÇãÔºé
You may provide a definition with
\DeclareUnicodeCharacter 


! Package inputenc Error: Unicode character „ÅÑ (U+3044)
(inputenc)                not set up for use with LaTeX.

See the inputenc package documentation for explanation.
Type  H <return>  for immediate help.
 ...                                              
                                                  
l.36 ...ÔºåÂõ≥$1$„ÅÆ„Çà„ÅÜ„Å´ÊûùÂàÜ„Åã„Çå„Åó„Å¶„ÅÑ
                                                  „ÇãÔºé
You may provide a definition with
\DeclareUnicodeCharacter 


! Package inputenc Error: Unicode character „Çã (U+308B)
(inputenc)                not set up for use with LaTeX.

See the inputenc package documentation for explanation.
Type  H <return>  for immediate help.
 ...                                              
                                                  
l.36 ...Âõ≥$1$„ÅÆ„Çà„ÅÜ„Å´ÊûùÂàÜ„Åã„Çå„Åó„Å¶„ÅÑ„Çã
                                                  Ôºé
You may provide a definition with
\DeclareUnicodeCharacter 


! Package inputenc Error: Unicode character Ôºé (U+FF0E)
(inputenc)                not set up for use with LaTeX.

See the inputenc package documentation for explanation.
Type  H <return>  for immediate help.
 ...                                              
                                                  
l.36 ...$1$„ÅÆ„Çà„ÅÜ„Å´ÊûùÂàÜ„Åã„Çå„Åó„Å¶„ÅÑ„ÇãÔºé
                                                  
You may provide a definition with
\DeclareUnicodeCharacter 


! Package inputenc Error: Unicode character Êûù (U+679D)
(inputenc)                not set up for use with LaTeX.

See the inputenc package documentation for explanation.
Type  H <return>  for immediate help.
 ...                                              
                                                  
l.37   Êûù
          ÂàÜ„Åã„Çå„Åó„ÅüÈÅìË∑Ø„ÅÆÂÖà„Å´„ÅØÂøÖ„ÅöÂä¥ÂÉçËÄÖ„ÅÆÂÆ∂„Åå„ÅÇ„ÇãÔºé
You may provide a definition with
\DeclareUnicodeCharacter 


! Package inputenc Error: Unicode character ÂàÜ (U+5206)
(inputenc)                not set up for use with LaTeX.

See the inputenc package documentation for explanation.
Type  H <return>  for immediate help.
 ...                                              
                                                  
l.37   ÊûùÂàÜ
             „Åã„Çå„Åó„ÅüÈÅìË∑Ø„ÅÆÂÖà„Å´„ÅØÂøÖ„ÅöÂä¥ÂÉçËÄÖ„ÅÆÂÆ∂„Åå„ÅÇ„ÇãÔºé
You may provide a definition with
\DeclareUnicodeCharacter 


! Package inputenc Error: Unicode character „Åã (U+304B)
(inputenc)                not set up for use with LaTeX.

See the inputenc package documentation for explanation.
Type  H <return>  for immediate help.
 ...                                              
                                                  
l.37   ÊûùÂàÜ„Åã
                „Çå„Åó„ÅüÈÅìË∑Ø„ÅÆÂÖà„Å´„ÅØÂøÖ„ÅöÂä¥ÂÉçËÄÖ„ÅÆÂÆ∂„Åå„ÅÇ„ÇãÔºé
You may provide a definition with
\DeclareUnicodeCharacter 


! Package inputenc Error: Unicode character „Çå (U+308C)
(inputenc)                not set up for use with LaTeX.

See the inputenc package documentation for explanation.
Type  H <return>  for immediate help.
 ...                                              
                                                  
l.37   ÊûùÂàÜ„Åã„Çå
                   „Åó„ÅüÈÅìË∑Ø„ÅÆÂÖà„Å´„ÅØÂøÖ„ÅöÂä¥ÂÉçËÄÖ„ÅÆÂÆ∂„Åå„ÅÇ„ÇãÔºé
You may provide a definition with
\DeclareUnicodeCharacter 


! Package inputenc Error: Unicode character „Åó (U+3057)
(inputenc)                not set up for use with LaTeX.

See the inputenc package documentation for explanation.
Type  H <return>  for immediate help.
 ...                                              
                                                  
l.37   ÊûùÂàÜ„Åã„Çå„Åó
                      „ÅüÈÅìË∑Ø„ÅÆÂÖà„Å´„ÅØÂøÖ„ÅöÂä¥ÂÉçËÄÖ„ÅÆÂÆ∂„Åå„ÅÇ„ÇãÔºé
You may provide a definition with
\DeclareUnicodeCharacter 


! Package inputenc Error: Unicode character „Åü (U+305F)
(inputenc)                not set up for use with LaTeX.

See the inputenc package documentation for explanation.
Type  H <return>  for immediate help.
 ...                                              
                                                  
l.37   ÊûùÂàÜ„Åã„Çå„Åó„Åü
                         ÈÅìË∑Ø„ÅÆÂÖà„Å´„ÅØÂøÖ„ÅöÂä¥ÂÉçËÄÖ„ÅÆÂÆ∂„Åå„ÅÇ„ÇãÔºé
You may provide a definition with
\DeclareUnicodeCharacter 


! Package inputenc Error: Unicode character ÈÅì (U+9053)
(inputenc)                not set up for use with LaTeX.

See the inputenc package documentation for explanation.
Type  H <return>  for immediate help.
 ...                                              
                                                  
l.37   ÊûùÂàÜ„Åã„Çå„Åó„ÅüÈÅì
                            Ë∑Ø„ÅÆÂÖà„Å´„ÅØÂøÖ„ÅöÂä¥ÂÉçËÄÖ„ÅÆÂÆ∂„Åå„ÅÇ„ÇãÔºé
You may provide a definition with
\DeclareUnicodeCharacter 


! Package inputenc Error: Unicode character Ë∑Ø (U+8DEF)
(inputenc)                not set up for use with LaTeX.

See the inputenc package documentation for explanation.
Type  H <return>  for immediate help.
 ...                                              
                                                  
l.37   ÊûùÂàÜ„Åã„Çå„Åó„ÅüÈÅìË∑Ø
                               „ÅÆÂÖà„Å´„ÅØÂøÖ„ÅöÂä¥ÂÉçËÄÖ„ÅÆÂÆ∂„Åå„ÅÇ„ÇãÔºé
You may provide a definition with
\DeclareUnicodeCharacter 


! Package inputenc Error: Unicode character „ÅÆ (U+306E)
(inputenc)                not set up for use with LaTeX.

See the inputenc package documentation for explanation.
Type  H <return>  for immediate help.
 ...                                              
                                                  
l.37   ÊûùÂàÜ„Åã„Çå„Åó„ÅüÈÅìË∑Ø„ÅÆ
                                  ÂÖà„Å´„ÅØÂøÖ„ÅöÂä¥ÂÉçËÄÖ„ÅÆÂÆ∂„Åå„ÅÇ„ÇãÔºé
You may provide a definition with
\DeclareUnicodeCharacter 


! Package inputenc Error: Unicode character ÂÖà (U+5148)
(inputenc)                not set up for use with LaTeX.

See the inputenc package documentation for explanation.
Type  H <return>  for immediate help.
 ...                                              
                                                  
l.37   ÊûùÂàÜ„Åã„Çå„Åó„ÅüÈÅìË∑Ø„ÅÆÂÖà
                                     „Å´„ÅØÂøÖ„ÅöÂä¥ÂÉçËÄÖ„ÅÆÂÆ∂„Åå„ÅÇ„ÇãÔºé
You may provide a definition with
\DeclareUnicodeCharacter 


! Package inputenc Error: Unicode character „Å´ (U+306B)
(inputenc)                not set up for use with LaTeX.

See the inputenc package documentation for explanation.
Type  H <return>  for immediate help.
 ...                                              
                                                  
l.37   ÊûùÂàÜ„Åã„Çå„Åó„ÅüÈÅìË∑Ø„ÅÆÂÖà„Å´
                                        „ÅØÂøÖ„ÅöÂä¥ÂÉçËÄÖ„ÅÆÂÆ∂„Åå„ÅÇ„ÇãÔºé
You may provide a definition with
\DeclareUnicodeCharacter 


! Package inputenc Error: Unicode character „ÅØ (U+306F)
(inputenc)                not set up for use with LaTeX.

See the inputenc package documentation for explanation.
Type  H <return>  for immediate help.
 ...                                              
                                                  
l.37   ÊûùÂàÜ„Åã„Çå„Åó„ÅüÈÅìË∑Ø„ÅÆÂÖà„Å´„ÅØ
                                           ÂøÖ„ÅöÂä¥ÂÉçËÄÖ„ÅÆÂÆ∂„Åå„ÅÇ„ÇãÔºé
You may provide a definition with
\DeclareUnicodeCharacter 


! Package inputenc Error: Unicode character ÂøÖ (U+5FC5)
(inputenc)                not set up for use with LaTeX.

See the inputenc package documentation for explanation.
Type  H <return>  for immediate help.
 ...                                              
                                                  
l.37   ÊûùÂàÜ„Åã„Çå„Åó„ÅüÈÅìË∑Ø„ÅÆÂÖà„Å´„ÅØÂøÖ
                                              „ÅöÂä¥ÂÉçËÄÖ„ÅÆÂÆ∂„Åå„ÅÇ„ÇãÔºé
You may provide a definition with
\DeclareUnicodeCharacter 


! Package inputenc Error: Unicode character „Åö (U+305A)
(inputenc)                not set up for use with LaTeX.

See the inputenc package documentation for explanation.
Type  H <return>  for immediate help.
 ...                                              
                                                  
l.37   ÊûùÂàÜ„Åã„Çå„Åó„ÅüÈÅìË∑Ø„ÅÆÂÖà„Å´„ÅØÂøÖ„Åö
                                                 Âä¥ÂÉçËÄÖ„ÅÆÂÆ∂„Åå„ÅÇ„ÇãÔºé
You may provide a definition with
\DeclareUnicodeCharacter 


! Package inputenc Error: Unicode character Âä¥ (U+52B4)
(inputenc)                not set up for use with LaTeX.

See the inputenc package documentation for explanation.
Type  H <return>  for immediate help.
 ...                                              
                                                  
l.37 ...ÂàÜ„Åã„Çå„Åó„ÅüÈÅìË∑Ø„ÅÆÂÖà„Å´„ÅØÂøÖ„ÅöÂä¥
                                                  ÂÉçËÄÖ„ÅÆÂÆ∂„Åå„ÅÇ„ÇãÔºé
You may provide a definition with
\DeclareUnicodeCharacter 


! Package inputenc Error: Unicode character ÂÉç (U+50CD)
(inputenc)                not set up for use with LaTeX.

See the inputenc package documentation for explanation.
Type  H <return>  for immediate help.
 ...                                              
                                                  
l.37 ...„Åã„Çå„Åó„ÅüÈÅìË∑Ø„ÅÆÂÖà„Å´„ÅØÂøÖ„ÅöÂä¥ÂÉç
                                                  ËÄÖ„ÅÆÂÆ∂„Åå„ÅÇ„ÇãÔºé
You may provide a definition with
\DeclareUnicodeCharacter 


! Package inputenc Error: Unicode character ËÄÖ (U+8005)
(inputenc)                not set up for use with LaTeX.

See the inputenc package documentation for explanation.
Type  H <return>  for immediate help.
 ...                                              
                                                  
l.37 ...„Çå„Åó„ÅüÈÅìË∑Ø„ÅÆÂÖà„Å´„ÅØÂøÖ„ÅöÂä¥ÂÉçËÄÖ
                                                  „ÅÆÂÆ∂„Åå„ÅÇ„ÇãÔºé
You may provide a definition with
\DeclareUnicodeCharacter 


! Package inputenc Error: Unicode character „ÅÆ (U+306E)
(inputenc)                not set up for use with LaTeX.

See the inputenc package documentation for explanation.
Type  H <return>  for immediate help.
 ...                                              
                                                  
l.37 ...„Åó„ÅüÈÅìË∑Ø„ÅÆÂÖà„Å´„ÅØÂøÖ„ÅöÂä¥ÂÉçËÄÖ„ÅÆ
                                                  ÂÆ∂„Åå„ÅÇ„ÇãÔºé
You may provide a definition with
\DeclareUnicodeCharacter 


! Package inputenc Error: Unicode character ÂÆ∂ (U+5BB6)
(inputenc)                not set up for use with LaTeX.

See the inputenc package documentation for explanation.
Type  H <return>  for immediate help.
 ...                                              
                                                  
l.37 ...„ÅüÈÅìË∑Ø„ÅÆÂÖà„Å´„ÅØÂøÖ„ÅöÂä¥ÂÉçËÄÖ„ÅÆÂÆ∂
                                                  „Åå„ÅÇ„ÇãÔºé
You may provide a definition with
\DeclareUnicodeCharacter 


! Package inputenc Error: Unicode character „Åå (U+304C)
(inputenc)                not set up for use with LaTeX.

See the inputenc package documentation for explanation.
Type  H <return>  for immediate help.
 ...                                              
                                                  
l.37 ...ÈÅìË∑Ø„ÅÆÂÖà„Å´„ÅØÂøÖ„ÅöÂä¥ÂÉçËÄÖ„ÅÆÂÆ∂„Åå
                                                  „ÅÇ„ÇãÔºé
You may provide a definition with
\DeclareUnicodeCharacter 


! Package inputenc Error: Unicode character „ÅÇ (U+3042)
(inputenc)                not set up for use with LaTeX.

See the inputenc package documentation for explanation.
Type  H <return>  for immediate help.
 ...                                              
                                                  
l.37 ...Ë∑Ø„ÅÆÂÖà„Å´„ÅØÂøÖ„ÅöÂä¥ÂÉçËÄÖ„ÅÆÂÆ∂„Åå„ÅÇ
                                                  „ÇãÔºé
You may provide a definition with
\DeclareUnicodeCharacter 


! Package inputenc Error: Unicode character „Çã (U+308B)
(inputenc)                not set up for use with LaTeX.

See the inputenc package documentation for explanation.
Type  H <return>  for immediate help.
 ...                                              
                                                  
l.37 ...„ÅÆÂÖà„Å´„ÅØÂøÖ„ÅöÂä¥ÂÉçËÄÖ„ÅÆÂÆ∂„Åå„ÅÇ„Çã
                                                  Ôºé
You may provide a definition with
\DeclareUnicodeCharacter 


! Package inputenc Error: Unicode character Ôºé (U+FF0E)
(inputenc)                not set up for use with LaTeX.

See the inputenc package documentation for explanation.
Type  H <return>  for immediate help.
 ...                                              
                                                  
l.37 ...ÂÖà„Å´„ÅØÂøÖ„ÅöÂä¥ÂÉçËÄÖ„ÅÆÂÆ∂„Åå„ÅÇ„ÇãÔºé
                                                  
You may provide a definition with
\DeclareUnicodeCharacter 


! Package inputenc Error: Unicode character „ÅÑ (U+3044)
(inputenc)                not set up for use with LaTeX.

See the inputenc package documentation for explanation.
Type  H <return>  for immediate help.
 ...                                              
                                                  
l.38   „ÅÑ
          „ÅæÔºå„Åì„ÅÆÈÅìË∑Ø„ÅÆ„Å©„Åì„Åã„Å´„Éê„ÇπÂÅú„Çí„Å≤„Å®„Å§‰Ωú„Çã„Åì„Å®...
You may provide a definition with
\DeclareUnicodeCharacter 


! Package inputenc Error: Unicode character „Åæ (U+307E)
(inputenc)                not set up for use with LaTeX.

See the inputenc package documentation for explanation.
Type  H <return>  for immediate help.
 ...                                              
                                                  
l.38   „ÅÑ„Åæ
             Ôºå„Åì„ÅÆÈÅìË∑Ø„ÅÆ„Å©„Åì„Åã„Å´„Éê„ÇπÂÅú„Çí„Å≤„Å®„Å§‰Ωú„Çã„Åì„Å®...
You may provide a definition with
\DeclareUnicodeCharacter 


! Package inputenc Error: Unicode character Ôºå (U+FF0C)
(inputenc)                not set up for use with LaTeX.

See the inputenc package documentation for explanation.
Type  H <return>  for immediate help.
 ...                                              
                                                  
l.38   „ÅÑ„ÅæÔºå
                „Åì„ÅÆÈÅìË∑Ø„ÅÆ„Å©„Åì„Åã„Å´„Éê„ÇπÂÅú„Çí„Å≤„Å®„Å§‰Ωú„Çã„Åì„Å®...
You may provide a definition with
\DeclareUnicodeCharacter 


! Package inputenc Error: Unicode character „Åì (U+3053)
(inputenc)                not set up for use with LaTeX.

See the inputenc package documentation for explanation.
Type  H <return>  for immediate help.
 ...                                              
                                                  
l.38   „ÅÑ„ÅæÔºå„Åì
                   „ÅÆÈÅìË∑Ø„ÅÆ„Å©„Åì„Åã„Å´„Éê„ÇπÂÅú„Çí„Å≤„Å®„Å§‰Ωú„Çã„Åì„Å®...
You may provide a definition with
\DeclareUnicodeCharacter 


! Package inputenc Error: Unicode character „ÅÆ (U+306E)
(inputenc)                not set up for use with LaTeX.

See the inputenc package documentation for explanation.
Type  H <return>  for immediate help.
 ...                                              
                                                  
l.38   „ÅÑ„ÅæÔºå„Åì„ÅÆ
                      ÈÅìË∑Ø„ÅÆ„Å©„Åì„Åã„Å´„Éê„ÇπÂÅú„Çí„Å≤„Å®„Å§‰Ωú„Çã„Åì„Å®...
You may provide a definition with
\DeclareUnicodeCharacter 


! Package inputenc Error: Unicode character ÈÅì (U+9053)
(inputenc)                not set up for use with LaTeX.

See the inputenc package documentation for explanation.
Type  H <return>  for immediate help.
 ...                                              
                                                  
l.38   „ÅÑ„ÅæÔºå„Åì„ÅÆÈÅì
                         Ë∑Ø„ÅÆ„Å©„Åì„Åã„Å´„Éê„ÇπÂÅú„Çí„Å≤„Å®„Å§‰Ωú„Çã„Åì„Å®...
You may provide a definition with
\DeclareUnicodeCharacter 


! Package inputenc Error: Unicode character Ë∑Ø (U+8DEF)
(inputenc)                not set up for use with LaTeX.

See the inputenc package documentation for explanation.
Type  H <return>  for immediate help.
 ...                                              
                                                  
l.38   „ÅÑ„ÅæÔºå„Åì„ÅÆÈÅìË∑Ø
                            „ÅÆ„Å©„Åì„Åã„Å´„Éê„ÇπÂÅú„Çí„Å≤„Å®„Å§‰Ωú„Çã„Åì„Å®...
You may provide a definition with
\DeclareUnicodeCharacter 


! Package inputenc Error: Unicode character „ÅÆ (U+306E)
(inputenc)                not set up for use with LaTeX.

See the inputenc package documentation for explanation.
Type  H <return>  for immediate help.
 ...                                              
                                                  
l.38   „ÅÑ„ÅæÔºå„Åì„ÅÆÈÅìË∑Ø„ÅÆ
                               „Å©„Åì„Åã„Å´„Éê„ÇπÂÅú„Çí„Å≤„Å®„Å§‰Ωú„Çã„Åì„Å®...
You may provide a definition with
\DeclareUnicodeCharacter 


! Package inputenc Error: Unicode character „Å© (U+3069)
(inputenc)                not set up for use with LaTeX.

See the inputenc package documentation for explanation.
Type  H <return>  for immediate help.
 ...                                              
                                                  
l.38   „ÅÑ„ÅæÔºå„Åì„ÅÆÈÅìË∑Ø„ÅÆ„Å©
                                  „Åì„Åã„Å´„Éê„ÇπÂÅú„Çí„Å≤„Å®„Å§‰Ωú„Çã„Åì„Å®...
You may provide a definition with
\DeclareUnicodeCharacter 


! Package inputenc Error: Unicode character „Åì (U+3053)
(inputenc)                not set up for use with LaTeX.

See the inputenc package documentation for explanation.
Type  H <return>  for immediate help.
 ...                                              
                                                  
l.38   „ÅÑ„ÅæÔºå„Åì„ÅÆÈÅìË∑Ø„ÅÆ„Å©„Åì
                                     „Åã„Å´„Éê„ÇπÂÅú„Çí„Å≤„Å®„Å§‰Ωú„Çã„Åì„Å®...
You may provide a definition with
\DeclareUnicodeCharacter 


! Package inputenc Error: Unicode character „Åã (U+304B)
(inputenc)                not set up for use with LaTeX.

See the inputenc package documentation for explanation.
Type  H <return>  for immediate help.
 ...                                              
                                                  
l.38   „ÅÑ„ÅæÔºå„Åì„ÅÆÈÅìË∑Ø„ÅÆ„Å©„Åì„Åã
                                        „Å´„Éê„ÇπÂÅú„Çí„Å≤„Å®„Å§‰Ωú„Çã„Åì„Å®...
You may provide a definition with
\DeclareUnicodeCharacter 


! Package inputenc Error: Unicode character „Å´ (U+306B)
(inputenc)                not set up for use with LaTeX.

See the inputenc package documentation for explanation.
Type  H <return>  for immediate help.
 ...                                              
                                                  
l.38   „ÅÑ„ÅæÔºå„Åì„ÅÆÈÅìË∑Ø„ÅÆ„Å©„Åì„Åã„Å´
                                           „Éê„ÇπÂÅú„Çí„Å≤„Å®„Å§‰Ωú„Çã„Åì„Å®...
You may provide a definition with
\DeclareUnicodeCharacter 


! Package inputenc Error: Unicode character „Éê (U+30D0)
(inputenc)                not set up for use with LaTeX.

See the inputenc package documentation for explanation.
Type  H <return>  for immediate help.
 ...                                              
                                                  
l.38   „ÅÑ„ÅæÔºå„Åì„ÅÆÈÅìË∑Ø„ÅÆ„Å©„Åì„Åã„Å´„Éê
                                              „ÇπÂÅú„Çí„Å≤„Å®„Å§‰Ωú„Çã„Åì„Å®...
You may provide a definition with
\DeclareUnicodeCharacter 


! Package inputenc Error: Unicode character „Çπ (U+30B9)
(inputenc)                not set up for use with LaTeX.

See the inputenc package documentation for explanation.
Type  H <return>  for immediate help.
 ...                                              
                                                  
l.38   „ÅÑ„ÅæÔºå„Åì„ÅÆÈÅìË∑Ø„ÅÆ„Å©„Åì„Åã„Å´„Éê„Çπ
                                                 ÂÅú„Çí„Å≤„Å®„Å§‰Ωú„Çã„Åì„Å®...
You may provide a definition with
\DeclareUnicodeCharacter 


! Package inputenc Error: Unicode character ÂÅú (U+505C)
(inputenc)                not set up for use with LaTeX.

See the inputenc package documentation for explanation.
Type  H <return>  for immediate help.
 ...                                              
                                                  
l.38 ...„ÅæÔºå„Åì„ÅÆÈÅìË∑Ø„ÅÆ„Å©„Åì„Åã„Å´„Éê„ÇπÂÅú
                                                  „Çí„Å≤„Å®„Å§‰Ωú„Çã„Åì„Å®„Ç...
You may provide a definition with
\DeclareUnicodeCharacter 


! Package inputenc Error: Unicode character „Çí (U+3092)
(inputenc)                not set up for use with LaTeX.

See the inputenc package documentation for explanation.
Type  H <return>  for immediate help.
 ...                                              
                                                  
l.38 ...Ôºå„Åì„ÅÆÈÅìË∑Ø„ÅÆ„Å©„Åì„Åã„Å´„Éê„ÇπÂÅú„Çí
                                                  „Å≤„Å®„Å§‰Ωú„Çã„Åì„Å®„ÇíËÄ...
You may provide a definition with
\DeclareUnicodeCharacter 


! Package inputenc Error: Unicode character „Å≤ (U+3072)
(inputenc)                not set up for use with LaTeX.

See the inputenc package documentation for explanation.
Type  H <return>  for immediate help.
 ...                                              
                                                  
l.38 ...„Åì„ÅÆÈÅìË∑Ø„ÅÆ„Å©„Åì„Åã„Å´„Éê„ÇπÂÅú„Çí„Å≤
                                                  „Å®„Å§‰Ωú„Çã„Åì„Å®„ÇíËÄÉ„Å...
You may provide a definition with
\DeclareUnicodeCharacter 


! Package inputenc Error: Unicode character „Å® (U+3068)
(inputenc)                not set up for use with LaTeX.

See the inputenc package documentation for explanation.
Type  H <return>  for immediate help.
 ...                                              
                                                  
l.38 ...„ÅÆÈÅìË∑Ø„ÅÆ„Å©„Åì„Åã„Å´„Éê„ÇπÂÅú„Çí„Å≤„Å®
                                                  „Å§‰Ωú„Çã„Åì„Å®„ÇíËÄÉ„Åà„Ç...
You may provide a definition with
\DeclareUnicodeCharacter 


! Package inputenc Error: Unicode character „Å§ (U+3064)
(inputenc)                not set up for use with LaTeX.

See the inputenc package documentation for explanation.
Type  H <return>  for immediate help.
 ...                                              
                                                  
l.38 ...ÈÅìË∑Ø„ÅÆ„Å©„Åì„Åã„Å´„Éê„ÇπÂÅú„Çí„Å≤„Å®„Å§
                                                  ‰Ωú„Çã„Åì„Å®„ÇíËÄÉ„Åà„ÇãÔºé
You may provide a definition with
\DeclareUnicodeCharacter 


! Package inputenc Error: Unicode character ‰Ωú (U+4F5C)
(inputenc)                not set up for use with LaTeX.

See the inputenc package documentation for explanation.
Type  H <return>  for immediate help.
 ...                                              
                                                  
l.38 ...Ë∑Ø„ÅÆ„Å©„Åì„Åã„Å´„Éê„ÇπÂÅú„Çí„Å≤„Å®„Å§‰Ωú
                                                  „Çã„Åì„Å®„ÇíËÄÉ„Åà„ÇãÔºé
You may provide a definition with
\DeclareUnicodeCharacter 


! Package inputenc Error: Unicode character „Çã (U+308B)
(inputenc)                not set up for use with LaTeX.

See the inputenc package documentation for explanation.
Type  H <return>  for immediate help.
 ...                                              
                                                  
l.38 ...„ÅÆ„Å©„Åì„Åã„Å´„Éê„ÇπÂÅú„Çí„Å≤„Å®„Å§‰Ωú„Çã
                                                  „Åì„Å®„ÇíËÄÉ„Åà„ÇãÔºé
You may provide a definition with
\DeclareUnicodeCharacter 


! Package inputenc Error: Unicode character „Åì (U+3053)
(inputenc)                not set up for use with LaTeX.

See the inputenc package documentation for explanation.
Type  H <return>  for immediate help.
 ...                                              
                                                  
l.38 ...„Å©„Åì„Åã„Å´„Éê„ÇπÂÅú„Çí„Å≤„Å®„Å§‰Ωú„Çã„Åì
                                                  „Å®„ÇíËÄÉ„Åà„ÇãÔºé
You may provide a definition with
\DeclareUnicodeCharacter 


! Package inputenc Error: Unicode character „Å® (U+3068)
(inputenc)                not set up for use with LaTeX.

See the inputenc package documentation for explanation.
Type  H <return>  for immediate help.
 ...                                              
                                                  
l.38 ...„Åì„Åã„Å´„Éê„ÇπÂÅú„Çí„Å≤„Å®„Å§‰Ωú„Çã„Åì„Å®
                                                  „ÇíËÄÉ„Åà„ÇãÔºé
You may provide a definition with
\DeclareUnicodeCharacter 


! Package inputenc Error: Unicode character „Çí (U+3092)
(inputenc)                not set up for use with LaTeX.

See the inputenc package documentation for explanation.
Type  H <return>  for immediate help.
 ...                                              
                                                  
l.38 ...„Åã„Å´„Éê„ÇπÂÅú„Çí„Å≤„Å®„Å§‰Ωú„Çã„Åì„Å®„Çí
                                                  ËÄÉ„Åà„ÇãÔºé
You may provide a definition with
\DeclareUnicodeCharacter 


! Package inputenc Error: Unicode character ËÄÉ (U+8003)
(inputenc)                not set up for use with LaTeX.

See the inputenc package documentation for explanation.
Type  H <return>  for immediate help.
 ...                                              
                                                  
l.38 ...„Å´„Éê„ÇπÂÅú„Çí„Å≤„Å®„Å§‰Ωú„Çã„Åì„Å®„ÇíËÄÉ
                                                  „Åà„ÇãÔºé
You may provide a definition with
\DeclareUnicodeCharacter 


! Package inputenc Error: Unicode character „Åà (U+3048)
(inputenc)                not set up for use with LaTeX.

See the inputenc package documentation for explanation.
Type  H <return>  for immediate help.
 ...                                              
                                                  
l.38 ...„Éê„ÇπÂÅú„Çí„Å≤„Å®„Å§‰Ωú„Çã„Åì„Å®„ÇíËÄÉ„Åà
                                                  „ÇãÔºé
You may provide a definition with
\DeclareUnicodeCharacter 


! Package inputenc Error: Unicode character „Çã (U+308B)
(inputenc)                not set up for use with LaTeX.

See the inputenc package documentation for explanation.
Type  H <return>  for immediate help.
 ...                                              
                                                  
l.38 ...„ÇπÂÅú„Çí„Å≤„Å®„Å§‰Ωú„Çã„Åì„Å®„ÇíËÄÉ„Åà„Çã
                                                  Ôºé
You may provide a definition with
\DeclareUnicodeCharacter 


! Package inputenc Error: Unicode character Ôºé (U+FF0E)
(inputenc)                not set up for use with LaTeX.

See the inputenc package documentation for explanation.
Type  H <return>  for immediate help.
 ...                                              
                                                  
l.38 ...ÂÅú„Çí„Å≤„Å®„Å§‰Ωú„Çã„Åì„Å®„ÇíËÄÉ„Åà„ÇãÔºé
                                                  
You may provide a definition with
\DeclareUnicodeCharacter 


! Package inputenc Error: Unicode character ÂêÑ (U+5404)
(inputenc)                not set up for use with LaTeX.

See the inputenc package documentation for explanation.
Type  H <return>  for immediate help.
 ...                                              
                                                  
l.39   ÂêÑ
          Âä¥ÂÉçËÄÖ„ÅÆÂÆ∂„Åã„Çâ„Éê„ÇπÂÅú„Åæ„Åß„ÅÆÁßªÂãïË∑ùÈõ¢„ÅÆÂêàË®à„Åå„ÇÇ...
You may provide a definition with
\DeclareUnicodeCharacter 


! Package inputenc Error: Unicode character Âä¥ (U+52B4)
(inputenc)                not set up for use with LaTeX.

See the inputenc package documentation for explanation.
Type  H <return>  for immediate help.
 ...                                              
                                                  
l.39   ÂêÑÂä¥
             ÂÉçËÄÖ„ÅÆÂÆ∂„Åã„Çâ„Éê„ÇπÂÅú„Åæ„Åß„ÅÆÁßªÂãïË∑ùÈõ¢„ÅÆÂêàË®à„Åå„ÇÇ...
You may provide a definition with
\DeclareUnicodeCharacter 


! Package inputenc Error: Unicode character ÂÉç (U+50CD)
(inputenc)                not set up for use with LaTeX.

See the inputenc package documentation for explanation.
Type  H <return>  for immediate help.
 ...                                              
                                                  
l.39   ÂêÑÂä¥ÂÉç
                ËÄÖ„ÅÆÂÆ∂„Åã„Çâ„Éê„ÇπÂÅú„Åæ„Åß„ÅÆÁßªÂãïË∑ùÈõ¢„ÅÆÂêàË®à„Åå„ÇÇ...
You may provide a definition with
\DeclareUnicodeCharacter 


! Package inputenc Error: Unicode character ËÄÖ (U+8005)
(inputenc)                not set up for use with LaTeX.

See the inputenc package documentation for explanation.
Type  H <return>  for immediate help.
 ...                                              
                                                  
l.39   ÂêÑÂä¥ÂÉçËÄÖ
                   „ÅÆÂÆ∂„Åã„Çâ„Éê„ÇπÂÅú„Åæ„Åß„ÅÆÁßªÂãïË∑ùÈõ¢„ÅÆÂêàË®à„Åå„ÇÇ...
You may provide a definition with
\DeclareUnicodeCharacter 


! Package inputenc Error: Unicode character „ÅÆ (U+306E)
(inputenc)                not set up for use with LaTeX.

See the inputenc package documentation for explanation.
Type  H <return>  for immediate help.
 ...                                              
                                                  
l.39   ÂêÑÂä¥ÂÉçËÄÖ„ÅÆ
                      ÂÆ∂„Åã„Çâ„Éê„ÇπÂÅú„Åæ„Åß„ÅÆÁßªÂãïË∑ùÈõ¢„ÅÆÂêàË®à„Åå„ÇÇ...
You may provide a definition with
\DeclareUnicodeCharacter 


! Package inputenc Error: Unicode character ÂÆ∂ (U+5BB6)
(inputenc)                not set up for use with LaTeX.

See the inputenc package documentation for explanation.
Type  H <return>  for immediate help.
 ...                                              
                                                  
l.39   ÂêÑÂä¥ÂÉçËÄÖ„ÅÆÂÆ∂
                         „Åã„Çâ„Éê„ÇπÂÅú„Åæ„Åß„ÅÆÁßªÂãïË∑ùÈõ¢„ÅÆÂêàË®à„Åå„ÇÇ...
You may provide a definition with
\DeclareUnicodeCharacter 


! Package inputenc Error: Unicode character „Åã (U+304B)
(inputenc)                not set up for use with LaTeX.

See the inputenc package documentation for explanation.
Type  H <return>  for immediate help.
 ...                                              
                                                  
l.39   ÂêÑÂä¥ÂÉçËÄÖ„ÅÆÂÆ∂„Åã
                            „Çâ„Éê„ÇπÂÅú„Åæ„Åß„ÅÆÁßªÂãïË∑ùÈõ¢„ÅÆÂêàË®à„Åå„ÇÇ...
You may provide a definition with
\DeclareUnicodeCharacter 


! Package inputenc Error: Unicode character „Çâ (U+3089)
(inputenc)                not set up for use with LaTeX.

See the inputenc package documentation for explanation.
Type  H <return>  for immediate help.
 ...                                              
                                                  
l.39   ÂêÑÂä¥ÂÉçËÄÖ„ÅÆÂÆ∂„Åã„Çâ
                               „Éê„ÇπÂÅú„Åæ„Åß„ÅÆÁßªÂãïË∑ùÈõ¢„ÅÆÂêàË®à„Åå„ÇÇ...
You may provide a definition with
\DeclareUnicodeCharacter 


! Package inputenc Error: Unicode character „Éê (U+30D0)
(inputenc)                not set up for use with LaTeX.

See the inputenc package documentation for explanation.
Type  H <return>  for immediate help.
 ...                                              
                                                  
l.39   ÂêÑÂä¥ÂÉçËÄÖ„ÅÆÂÆ∂„Åã„Çâ„Éê
                                  „ÇπÂÅú„Åæ„Åß„ÅÆÁßªÂãïË∑ùÈõ¢„ÅÆÂêàË®à„Åå„ÇÇ...
You may provide a definition with
\DeclareUnicodeCharacter 


! Package inputenc Error: Unicode character „Çπ (U+30B9)
(inputenc)                not set up for use with LaTeX.

See the inputenc package documentation for explanation.
Type  H <return>  for immediate help.
 ...                                              
                                                  
l.39   ÂêÑÂä¥ÂÉçËÄÖ„ÅÆÂÆ∂„Åã„Çâ„Éê„Çπ
                                     ÂÅú„Åæ„Åß„ÅÆÁßªÂãïË∑ùÈõ¢„ÅÆÂêàË®à„Åå„ÇÇ...
You may provide a definition with
\DeclareUnicodeCharacter 


! Package inputenc Error: Unicode character ÂÅú (U+505C)
(inputenc)                not set up for use with LaTeX.

See the inputenc package documentation for explanation.
Type  H <return>  for immediate help.
 ...                                              
                                                  
l.39   ÂêÑÂä¥ÂÉçËÄÖ„ÅÆÂÆ∂„Åã„Çâ„Éê„ÇπÂÅú
                                        „Åæ„Åß„ÅÆÁßªÂãïË∑ùÈõ¢„ÅÆÂêàË®à„Åå„ÇÇ...
You may provide a definition with
\DeclareUnicodeCharacter 


! Package inputenc Error: Unicode character „Åæ (U+307E)
(inputenc)                not set up for use with LaTeX.

See the inputenc package documentation for explanation.
Type  H <return>  for immediate help.
 ...                                              
                                                  
l.39   ÂêÑÂä¥ÂÉçËÄÖ„ÅÆÂÆ∂„Åã„Çâ„Éê„ÇπÂÅú„Åæ
                                           „Åß„ÅÆÁßªÂãïË∑ùÈõ¢„ÅÆÂêàË®à„Åå„ÇÇ...
You may provide a definition with
\DeclareUnicodeCharacter 


! Package inputenc Error: Unicode character „Åß (U+3067)
(inputenc)                not set up for use with LaTeX.

See the inputenc package documentation for explanation.
Type  H <return>  for immediate help.
 ...                                              
                                                  
l.39   ÂêÑÂä¥ÂÉçËÄÖ„ÅÆÂÆ∂„Åã„Çâ„Éê„ÇπÂÅú„Åæ„Åß
                                              „ÅÆÁßªÂãïË∑ùÈõ¢„ÅÆÂêàË®à„Åå„ÇÇ...
You may provide a definition with
\DeclareUnicodeCharacter 


! Package inputenc Error: Unicode character „ÅÆ (U+306E)
(inputenc)                not set up for use with LaTeX.

See the inputenc package documentation for explanation.
Type  H <return>  for immediate help.
 ...                                              
                                                  
l.39   ÂêÑÂä¥ÂÉçËÄÖ„ÅÆÂÆ∂„Åã„Çâ„Éê„ÇπÂÅú„Åæ„Åß„ÅÆ
                                                 ÁßªÂãïË∑ùÈõ¢„ÅÆÂêàË®à„Åå„ÇÇ...
You may provide a definition with
\DeclareUnicodeCharacter 


! Package inputenc Error: Unicode character Áßª (U+79FB)
(inputenc)                not set up for use with LaTeX.

See the inputenc package documentation for explanation.
Type  H <return>  for immediate help.
 ...                                              
                                                  
l.39 ...Âä¥ÂÉçËÄÖ„ÅÆÂÆ∂„Åã„Çâ„Éê„ÇπÂÅú„Åæ„Åß„ÅÆÁßª
                                                  ÂãïË∑ùÈõ¢„ÅÆÂêàË®à„Åå„ÇÇ„Å...
You may provide a definition with
\DeclareUnicodeCharacter 


! Package inputenc Error: Unicode character Âãï (U+52D5)
(inputenc)                not set up for use with LaTeX.

See the inputenc package documentation for explanation.
Type  H <return>  for immediate help.
 ...                                              
                                                  
l.39 ...ÂÉçËÄÖ„ÅÆÂÆ∂„Åã„Çâ„Éê„ÇπÂÅú„Åæ„Åß„ÅÆÁßªÂãï
                                                  Ë∑ùÈõ¢„ÅÆÂêàË®à„Åå„ÇÇ„Å£„Å...
You may provide a definition with
\DeclareUnicodeCharacter 


! Package inputenc Error: Unicode character Ë∑ù (U+8DDD)
(inputenc)                not set up for use with LaTeX.

See the inputenc package documentation for explanation.
Type  H <return>  for immediate help.
 ...                                              
                                                  
l.39 ...ËÄÖ„ÅÆÂÆ∂„Åã„Çâ„Éê„ÇπÂÅú„Åæ„Åß„ÅÆÁßªÂãïË∑ù
                                                  Èõ¢„ÅÆÂêàË®à„Åå„ÇÇ„Å£„Å®„Ç...
You may provide a definition with
\DeclareUnicodeCharacter 


! Package inputenc Error: Unicode character Èõ¢ (U+96E2)
(inputenc)                not set up for use with LaTeX.

See the inputenc package documentation for explanation.
Type  H <return>  for immediate help.
 ...                                              
                                                  
l.39 ...„ÅÆÂÆ∂„Åã„Çâ„Éê„ÇπÂÅú„Åæ„Åß„ÅÆÁßªÂãïË∑ùÈõ¢
                                                  „ÅÆÂêàË®à„Åå„ÇÇ„Å£„Å®„ÇÇÁü...
You may provide a definition with
\DeclareUnicodeCharacter 


! Package inputenc Error: Unicode character „ÅÆ (U+306E)
(inputenc)                not set up for use with LaTeX.

See the inputenc package documentation for explanation.
Type  H <return>  for immediate help.
 ...                                              
                                                  
l.39 ...ÂÆ∂„Åã„Çâ„Éê„ÇπÂÅú„Åæ„Åß„ÅÆÁßªÂãïË∑ùÈõ¢„ÅÆ
                                                  ÂêàË®à„Åå„ÇÇ„Å£„Å®„ÇÇÁü≠„Å...
You may provide a definition with
\DeclareUnicodeCharacter 


! Package inputenc Error: Unicode character Âêà (U+5408)
(inputenc)                not set up for use with LaTeX.

See the inputenc package documentation for explanation.
Type  H <return>  for immediate help.
 ...                                              
                                                  
l.39 ...„Åã„Çâ„Éê„ÇπÂÅú„Åæ„Åß„ÅÆÁßªÂãïË∑ùÈõ¢„ÅÆÂêà
                                                  Ë®à„Åå„ÇÇ„Å£„Å®„ÇÇÁü≠„Åè„Å...
You may provide a definition with
\DeclareUnicodeCharacter 


! Package inputenc Error: Unicode character Ë®à (U+8A08)
(inputenc)                not set up for use with LaTeX.

See the inputenc package documentation for explanation.
Type  H <return>  for immediate help.
 ...                                              
                                                  
l.39 ...„Çâ„Éê„ÇπÂÅú„Åæ„Åß„ÅÆÁßªÂãïË∑ùÈõ¢„ÅÆÂêàË®à
                                                  „Åå„ÇÇ„Å£„Å®„ÇÇÁü≠„Åè„Å™„Ç...
You may provide a definition with
\DeclareUnicodeCharacter 


! Package inputenc Error: Unicode character „Åå (U+304C)
(inputenc)                not set up for use with LaTeX.

See the inputenc package documentation for explanation.
Type  H <return>  for immediate help.
 ...                                              
                                                  
l.39 ...„Éê„ÇπÂÅú„Åæ„Åß„ÅÆÁßªÂãïË∑ùÈõ¢„ÅÆÂêàË®à„Åå
                                                  „ÇÇ„Å£„Å®„ÇÇÁü≠„Åè„Å™„Çã„Ç...
You may provide a definition with
\DeclareUnicodeCharacter 


! Package inputenc Error: Unicode character „ÇÇ (U+3082)
(inputenc)                not set up for use with LaTeX.

See the inputenc package documentation for explanation.
Type  H <return>  for immediate help.
 ...                                              
                                                  
l.39 ...„ÇπÂÅú„Åæ„Åß„ÅÆÁßªÂãïË∑ùÈõ¢„ÅÆÂêàË®à„Åå„ÇÇ
                                                  „Å£„Å®„ÇÇÁü≠„Åè„Å™„Çã„Çà„Å...
You may provide a definition with
\DeclareUnicodeCharacter 


! Package inputenc Error: Unicode character „Å£ (U+3063)
(inputenc)                not set up for use with LaTeX.

See the inputenc package documentation for explanation.
Type  H <return>  for immediate help.
 ...                                              
                                                  
l.39 ...ÂÅú„Åæ„Åß„ÅÆÁßªÂãïË∑ùÈõ¢„ÅÆÂêàË®à„Åå„ÇÇ„Å£
                                                  „Å®„ÇÇÁü≠„Åè„Å™„Çã„Çà„ÅÜ„Å...
You may provide a definition with
\DeclareUnicodeCharacter 


! Package inputenc Error: Unicode character „Å® (U+3068)
(inputenc)                not set up for use with LaTeX.

See the inputenc package documentation for explanation.
Type  H <return>  for immediate help.
 ...                                              
                                                  
l.39 ...„Åæ„Åß„ÅÆÁßªÂãïË∑ùÈõ¢„ÅÆÂêàË®à„Åå„ÇÇ„Å£„Å®
                                                  „ÇÇÁü≠„Åè„Å™„Çã„Çà„ÅÜ„Å´„Å...
You may provide a definition with
\DeclareUnicodeCharacter 


! Package inputenc Error: Unicode character „ÇÇ (U+3082)
(inputenc)                not set up for use with LaTeX.

See the inputenc package documentation for explanation.
Type  H <return>  for immediate help.
 ...                                              
                                                  
l.39 ...„Åß„ÅÆÁßªÂãïË∑ùÈõ¢„ÅÆÂêàË®à„Åå„ÇÇ„Å£„Å®„ÇÇ
                                                  Áü≠„Åè„Å™„Çã„Çà„ÅÜ„Å´„Åô„Ç...
You may provide a definition with
\DeclareUnicodeCharacter 


! Package inputenc Error: Unicode character Áü≠ (U+77ED)
(inputenc)                not set up for use with LaTeX.

See the inputenc package documentation for explanation.
Type  H <return>  for immediate help.
 ...                                              
                                                  
l.39 ...„ÅÆÁßªÂãïË∑ùÈõ¢„ÅÆÂêàË®à„Åå„ÇÇ„Å£„Å®„ÇÇÁü≠
                                                  „Åè„Å™„Çã„Çà„ÅÜ„Å´„Åô„Çã„Å...
(That makes 100 errors; please try again.) 
Here is how much of TeX's memory you used:
 15750 strings out of 480609
 308601 string characters out of 5903656
 494221 words of memory out of 5000000
 31371 multiletter control sequences out of 15000+600000
 540705 words of font info for 57 fonts, out of 8000000 for 9000
 1141 hyphenation exceptions out of 8191
 60i,6n,80p,467b,129s stack positions out of 5000i,500n,10000p,200000b,80000s

No pages of output.
